<?xml version="1.0" encoding="UTF-8"?>
<testsuite xmlns:xsi="http://www.w3.org/2001/XMLSchema-instance" xsi:noNamespaceSchemaLocation="https://maven.apache.org/surefire/maven-failsafe-plugin/xsd/failsafe-test-report-3.0.xsd" version="3.0" name="com.zerosmoke.runners.TestRunner" time="1401.645" tests="14" errors="0" skipped="0" failures="0">
  <properties>
[...]
</properties>
  <testcase name="Registro exitoso de usuario" classname="Registro de Usuario" time="150.765">
    <system-out><![CDATA[21:43:33.632 [main] DEBUG io.cucumber.core.plugin.SerenityReporter -- Running feature from file:///C:/Users/Daleska/OneDrive/Desktop/ZEROSMOKE_FASTAPI/cucumber-tests/src/test/resources/features/01_user_registration.feature
21:43:33.811 [main] INFO  -- 

-------------------------------------------------------------------------------------
     _______. _______ .______       _______ .__   __.  __  .___________.____    ____ 
    /       ||   ____||   _  \     |   ____||  \ |  | |  | |           |\   \  /   / 
   |   (----`|  |__   |  |_)  |    |  |__   |   \|  | |  | `---|  |----` \   \/   /  
    \   \    |   __|  |      /     |   __|  |  . `  | |  |     |  |       \_    _/   
.----)   |   |  |____ |  |\  \----.|  |____ |  |\   | |  |     |  |         |  |     
|_______/    |_______|| _| `._____||_______||__| \__| |__|     |__|         |__|    
                                                                                     
 News and tutorials at https://serenity-bdd.info                                     
 Documentation at https://serenity-bdd.github.io                                     
 Test Automation Training and Coaching: https://www.serenity-dojo.com                
 Commercial Support: https://www.serenity-dojo.com/serenity-bdd-enterprise-support   
 Join the Serenity Community on Gitter: https://gitter.im/serenity-bdd/serenity-core 
-------------------------------------------------------------------------------------

21:43:33.826 [main] DEBUG net.thucydides.core.steps.StepEventBus -- Test suite started for story net.thucydides.model.domain.Story@571f3de0
21:43:33.835 [main] INFO  -- Test Suite Started: Registro de Usuario
21:43:34.184 [main] DEBUG io.cucumber.core.plugin.SerenityReporter -- Running feature from file:///C:/Users/Daleska/OneDrive/Desktop/ZEROSMOKE_FASTAPI/cucumber-tests/src/test/resources/features/02_user_login.feature
21:43:34.190 [main] DEBUG net.thucydides.core.steps.StepEventBus -- Test suite started for story net.thucydides.model.domain.Story@a1fa8a40
21:43:34.191 [main] INFO  -- Test Suite Started: Inicio de Sesión de Usuario
21:43:34.197 [main] DEBUG io.cucumber.core.plugin.SerenityReporter -- Running feature from file:///C:/Users/Daleska/OneDrive/Desktop/ZEROSMOKE_FASTAPI/cucumber-tests/src/test/resources/features/03_contact_form.feature
21:43:34.204 [main] DEBUG net.thucydides.core.steps.StepEventBus -- Test suite started for story net.thucydides.model.domain.Story@e2f6c7e0
21:43:34.205 [main] INFO  -- Test Suite Started: Formulario de Contacto
21:43:34.211 [main] DEBUG io.cucumber.core.plugin.SerenityReporter -- Running feature from file:///C:/Users/Daleska/OneDrive/Desktop/ZEROSMOKE_FASTAPI/cucumber-tests/src/test/resources/features/04_admin_message_response.feature
21:43:34.216 [main] DEBUG net.thucydides.core.steps.StepEventBus -- Test suite started for story net.thucydides.model.domain.Story@a9272080
21:43:34.218 [main] INFO  -- Test Suite Started: Respuesta de Administrador a Mensajes de Contacto
21:43:34.223 [main] DEBUG io.cucumber.core.plugin.SerenityReporter -- Running feature from file:///C:/Users/Daleska/OneDrive/Desktop/ZEROSMOKE_FASTAPI/cucumber-tests/src/test/resources/features/01_user_registration.feature
21:43:34.225 [main] DEBUG net.thucydides.core.steps.StepEventBus -- Test suite started for story net.thucydides.model.domain.Story@571f3de0
21:43:34.226 [main] INFO  -- Test Suite Started: Registro de Usuario

@funcionalidades_principales @smoke @registro
Scenario: Registro exitoso de usuario                        &amp#27;[90m# src/test/resources/features/01_user_registration.feature:12&amp#27;[0m
21:43:34.494 [main] DEBUG io.cucumber.core.plugin.SerenityReporter -- Running feature from file:///C:/Users/Daleska/OneDrive/Desktop/ZEROSMOKE_FASTAPI/cucumber-tests/src/test/resources/features/01_user_registration.feature
21:43:34.909 [main] INFO  -- 
  _____   ___   ___   _____     ___   _____     _     ___   _____   ___   ___  
 |_   _| | __| / __| |_   _|   / __| |_   _|   /_\   | _ \ |_   _| | __| |   \ 
   | |   | _|  \__ \   | |     \__ \   | |    / _ \  |   /   | |   | _|  | |) |
   |_|   |___| |___/   |_|     |___/   |_|   /_/ \_\ |_|_\   |_|   |___| |___/ 

Registro exitoso de usuario(registro-de-usuario;registro-exitoso-de-usuario)
--------------------------------------------------------------------------------
21:43:34.999 [main] INFO  -- |-- Given que la aplicación ZeroSmoke está funcionando
21:43:36.876 [main] INFO net.serenitybdd.core.webdriver.driverproviders.ChromeDriverProvider -- Starting Chrome driver instance with capabilities:
21:43:36.883 [main] INFO net.serenitybdd.core.webdriver.driverproviders.ChromeDriverProvider -- Capabilities {acceptInsecureCerts: false, browserName: chrome, goog:chromeOptions: {args: [remote-allow-origins=*, --disable-extensions,--disa...], extensions: []}}
  &amp#27;[32mGiven &amp#27;[0m&amp#27;[32mque la aplicación ZeroSmoke está funcionando&amp#27;[0m         &amp#27;[90m# com.zerosmoke.stepdefinitions.CommonSteps.quelaAplicacionZeroSmokeEstaFuncionando()&amp#27;[0m
21:43:47.037 [main] INFO  -- |-- And estoy en la página principal
  &amp#27;[32mAnd &amp#27;[0m&amp#27;[32mestoy en la página principal&amp#27;[0m                           &amp#27;[90m# com.zerosmoke.stepdefinitions.CommonSteps.estoyEnLaPaginaPrincipal()&amp#27;[0m
21:43:47.229 [main] INFO  -- |-- Given navego a la página de registro
  &amp#27;[32mGiven &amp#27;[0m&amp#27;[32mnavego a la página de registro&amp#27;[0m                       &amp#27;[90m# com.zerosmoke.stepdefinitions.RegistrationSteps.navegoALaPaginaDeRegistro()&amp#27;[0m
21:45:52.588 [main] INFO  -- |-- When completo el formulario de registro con datos válidos:
| campo | valor |
| nombre | Juan Pérez |
| email | juan.perez@test.com |
| contraseña | MiPassword123! |
| confirmar_password | MiPassword123! |
  &amp#27;[32mWhen &amp#27;[0m&amp#27;[32mcompleto el formulario de registro con datos válidos:&amp#27;[0m &amp#27;[90m# com.zerosmoke.stepdefinitions.RegistrationSteps.completoElFormularioDeRegistroConDatosValidos(io.cucumber.datatable.DataTable)&amp#27;[0m
    | campo              | valor               |
    | nombre             | Juan Pérez          |
    | email              | juan.perez@test.com |
    | contraseña         | MiPassword123!      |
    | confirmar_password | MiPassword123!      |
21:45:52.875 [main] INFO  -- |-- And acepto los términos y condiciones
  &amp#27;[32mAnd &amp#27;[0m&amp#27;[32macepto los términos y condiciones&amp#27;[0m                      &amp#27;[90m# com.zerosmoke.stepdefinitions.RegistrationSteps.aceptoLosTerminosYCondiciones()&amp#27;[0m
21:46:02.923 [main] INFO  -- |-- And hago clic en el botón registrar
  &amp#27;[32mAnd &amp#27;[0m&amp#27;[32mhago clic en el botón registrar&amp#27;[0m                        &amp#27;[90m# com.zerosmoke.stepdefinitions.RegistrationSteps.hagoClicEnElBotonRegistrar()&amp#27;[0m
21:46:03.351 [main] INFO  -- |-- Then debería ver un mensaje de registro exitoso
  &amp#27;[32mThen &amp#27;[0m&amp#27;[32mdebería ver un mensaje de registro exitoso&amp#27;[0m            &amp#27;[90m# com.zerosmoke.stepdefinitions.RegistrationSteps.deberiaVerUnMensajeDeRegistroExitoso()&amp#27;[0m
21:46:03.361 [main] INFO  -- |-- And debería ser redirigido a la página de login
  &amp#27;[32mAnd &amp#27;[0m&amp#27;[32mdebería ser redirigido a la página de login&amp#27;[0m            &amp#27;[90m# com.zerosmoke.stepdefinitions.RegistrationSteps.deberiaSerRedirigidoALaPaginaDeLogin()&amp#27;[0m
21:46:04.395 [main] INFO  -- 
  _____   ___   ___   _____     ___     _     ___   ___   ___   ___  
 |_   _| | __| / __| |_   _|   | _ \   /_\   / __| / __| | __| |   \ 
   | |   | _|  \__ \   | |     |  _/  / _ \  \__ \ \__ \ | _|  | |) |
   |_|   |___| |___/   |_|     |_|   /_/ \_\ |___/ |___/ |___| |___/ 

Registro exitoso de usuario
----------------------------------------------------------------------
]]></system-out>
    <system-err><![CDATA[jun 11, 2025 9:43:41 P. M. org.openqa.selenium.manager.SeleniumManager lambda$runCommand$1
WARNING: Error sending stats to Plausible: error sending request for url (https://plausible.io/api/event)
jun 11, 2025 9:43:45 P. M. org.openqa.selenium.devtools.CdpVersionFinder findNearestMatch
WARNING: Unable to find an exact match for CDP version 137, returning the closest version; found: 133; Please update to a Selenium version that supports CDP version 137
]]></system-err>
  </testcase>
  <testcase name="Registro con email inválido" classname="Registro de Usuario" time="130.375">
    <system-out><![CDATA[
@funcionalidades_principales @registro @validacion
Scenario: Registro con email inválido                                                        &amp#27;[90m# src/test/resources/features/01_user_registration.feature:26&amp#27;[0m
21:46:05.022 [main] DEBUG io.cucumber.core.plugin.SerenityReporter -- Running feature from file:///C:/Users/Daleska/OneDrive/Desktop/ZEROSMOKE_FASTAPI/cucumber-tests/src/test/resources/features/01_user_registration.feature
21:46:05.024 [main] INFO  -- 
  _____   ___   ___   _____     ___   _____     _     ___   _____   ___   ___  
 |_   _| | __| / __| |_   _|   / __| |_   _|   /_\   | _ \ |_   _| | __| |   \ 
   | |   | _|  \__ \   | |     \__ \   | |    / _ \  |   /   | |   | _|  | |) |
   |_|   |___| |___/   |_|     |___/   |_|   /_/ \_\ |_|_\   |_|   |___| |___/ 

Registro con email inválido(registro-de-usuario;registro-con-email-inválido)
--------------------------------------------------------------------------------
21:46:05.027 [main] INFO  -- |-- Given que la aplicación ZeroSmoke está funcionando
21:46:05.182 [main] INFO net.serenitybdd.core.webdriver.driverproviders.ChromeDriverProvider -- Starting Chrome driver instance with capabilities:
21:46:05.183 [main] INFO net.serenitybdd.core.webdriver.driverproviders.ChromeDriverProvider -- Capabilities {acceptInsecureCerts: false, browserName: chrome, goog:chromeOptions: {args: [remote-allow-origins=*, --disable-extensions,--disa...], extensions: []}}
  &amp#27;[32mGiven &amp#27;[0m&amp#27;[32mque la aplicación ZeroSmoke está funcionando&amp#27;[0m                                         &amp#27;[90m# com.zerosmoke.stepdefinitions.CommonSteps.quelaAplicacionZeroSmokeEstaFuncionando()&amp#27;[0m
21:46:09.392 [main] INFO  -- |-- And estoy en la página principal
  &amp#27;[32mAnd &amp#27;[0m&amp#27;[32mestoy en la página principal&amp#27;[0m                                                           &amp#27;[90m# com.zerosmoke.stepdefinitions.CommonSteps.estoyEnLaPaginaPrincipal()&amp#27;[0m
21:46:09.496 [main] INFO  -- |-- Given navego a la página de registro
  &amp#27;[32mGiven &amp#27;[0m&amp#27;[32mnavego a la página de registro&amp#27;[0m                                                       &amp#27;[90m# com.zerosmoke.stepdefinitions.RegistrationSteps.navegoALaPaginaDeRegistro()&amp#27;[0m
21:48:14.368 [main] INFO  -- |-- When completo el formulario de registro con:
| campo | valor |
| nombre | Juan Pérez |
| email | email-invalido |
| contraseña | MiPassword123! |
| confirmar_password | MiPassword123! |
  &amp#27;[32mWhen &amp#27;[0m&amp#27;[32mcompleto el formulario de registro con:&amp#27;[0m                                               &amp#27;[90m# com.zerosmoke.stepdefinitions.RegistrationSteps.completoElFormularioDeRegistroCon(io.cucumber.datatable.DataTable)&amp#27;[0m
    | campo              | valor          |
    | nombre             | Juan Pérez     |
    | email              | email-invalido |
    | contraseña         | MiPassword123! |
    | confirmar_password | MiPassword123! |
21:48:14.558 [main] INFO  -- |-- And hago clic en el botón registrar
  &amp#27;[32mAnd &amp#27;[0m&amp#27;[32mhago clic en el botón registrar&amp#27;[0m                                                        &amp#27;[90m# com.zerosmoke.stepdefinitions.RegistrationSteps.hagoClicEnElBotonRegistrar()&amp#27;[0m
21:48:14.862 [main] INFO  -- |-- Then en el registro debería ver un mensaje de error "Por favor, introduce un email válido"
  &amp#27;[32mThen &amp#27;[0m&amp#27;[32men el registro debería ver un mensaje de error &amp#27;[0m&amp#27;[32m&amp#27;[1m"Por favor, introduce un email válido"&amp#27;[0m &amp#27;[90m# com.zerosmoke.stepdefinitions.RegistrationSteps.enElRegistroDeberiaVerUnMensajeDeError(java.lang.String)&amp#27;[0m
21:48:14.867 [main] INFO  -- |-- And debería permanecer en la página de registro
  &amp#27;[32mAnd &amp#27;[0m&amp#27;[32mdebería permanecer en la página de registro&amp#27;[0m                                            &amp#27;[90m# com.zerosmoke.stepdefinitions.RegistrationSteps.deberiaPermanecerenLaPaginaDeRegistro()&amp#27;[0m
21:48:14.887 [main] INFO  -- 
  _____   ___   ___   _____     ___     _     ___   ___   ___   ___  
 |_   _| | __| / __| |_   _|   | _ \   /_\   / __| / __| | __| |   \ 
   | |   | _|  \__ \   | |     |  _/  / _ \  \__ \ \__ \ | _|  | |) |
   |_|   |___| |___/   |_|     |_|   /_/ \_\ |___/ |___/ |___| |___/ 

Registro con email inválido
----------------------------------------------------------------------
]]></system-out>
    <system-err><![CDATA[jun 11, 2025 9:46:07 P. M. org.openqa.selenium.devtools.CdpVersionFinder findNearestMatch
WARNING: Unable to find an exact match for CDP version 137, returning the closest version; found: 133; Please update to a Selenium version that supports CDP version 137
]]></system-err>
  </testcase>
  <testcase name="Registro con contraseñas que no coinciden" classname="Registro de Usuario" time="130.805">
    <system-out><![CDATA[
@funcionalidades_principales @registro @validacion
Scenario: Registro con contraseñas que no coinciden                                  &amp#27;[90m# src/test/resources/features/01_user_registration.feature:39&amp#27;[0m
21:48:15.402 [main] DEBUG io.cucumber.core.plugin.SerenityReporter -- Running feature from file:///C:/Users/Daleska/OneDrive/Desktop/ZEROSMOKE_FASTAPI/cucumber-tests/src/test/resources/features/01_user_registration.feature
21:48:15.403 [main] INFO  -- 
  _____   ___   ___   _____     ___   _____     _     ___   _____   ___   ___  
 |_   _| | __| / __| |_   _|   / __| |_   _|   /_\   | _ \ |_   _| | __| |   \ 
   | |   | _|  \__ \   | |     \__ \   | |    / _ \  |   /   | |   | _|  | |) |
   |_|   |___| |___/   |_|     |___/   |_|   /_/ \_\ |_|_\   |_|   |___| |___/ 

Registro con contraseñas que no coinciden(registro-de-usuario;registro-con-contraseñas-que-no-coinciden)
--------------------------------------------------------------------------------
21:48:15.405 [main] INFO  -- |-- Given que la aplicación ZeroSmoke está funcionando
21:48:15.578 [main] INFO net.serenitybdd.core.webdriver.driverproviders.ChromeDriverProvider -- Starting Chrome driver instance with capabilities:
21:48:15.578 [main] INFO net.serenitybdd.core.webdriver.driverproviders.ChromeDriverProvider -- Capabilities {acceptInsecureCerts: false, browserName: chrome, goog:chromeOptions: {args: [remote-allow-origins=*, --disable-extensions,--disa...], extensions: []}}
  &amp#27;[32mGiven &amp#27;[0m&amp#27;[32mque la aplicación ZeroSmoke está funcionando&amp#27;[0m                                 &amp#27;[90m# com.zerosmoke.stepdefinitions.CommonSteps.quelaAplicacionZeroSmokeEstaFuncionando()&amp#27;[0m
21:48:19.629 [main] INFO  -- |-- And estoy en la página principal
  &amp#27;[32mAnd &amp#27;[0m&amp#27;[32mestoy en la página principal&amp#27;[0m                                                   &amp#27;[90m# com.zerosmoke.stepdefinitions.CommonSteps.estoyEnLaPaginaPrincipal()&amp#27;[0m
21:48:19.765 [main] INFO  -- |-- Given navego a la página de registro
  &amp#27;[32mGiven &amp#27;[0m&amp#27;[32mnavego a la página de registro&amp#27;[0m                                               &amp#27;[90m# com.zerosmoke.stepdefinitions.RegistrationSteps.navegoALaPaginaDeRegistro()&amp#27;[0m
21:50:25.067 [main] INFO  -- |-- When completo el formulario de registro con:
| campo | valor |
| nombre | Juan Pérez |
| email | juan.perez@test.com |
| contraseña | MiPassword123! |
| confirmar_password | OtraPassword456! |
  &amp#27;[32mWhen &amp#27;[0m&amp#27;[32mcompleto el formulario de registro con:&amp#27;[0m                                       &amp#27;[90m# com.zerosmoke.stepdefinitions.RegistrationSteps.completoElFormularioDeRegistroCon(io.cucumber.datatable.DataTable)&amp#27;[0m
    | campo              | valor               |
    | nombre             | Juan Pérez          |
    | email              | juan.perez@test.com |
    | contraseña         | MiPassword123!      |
    | confirmar_password | OtraPassword456!    |
21:50:25.298 [main] INFO  -- |-- And hago clic en el botón registrar
  &amp#27;[32mAnd &amp#27;[0m&amp#27;[32mhago clic en el botón registrar&amp#27;[0m                                                &amp#27;[90m# com.zerosmoke.stepdefinitions.RegistrationSteps.hagoClicEnElBotonRegistrar()&amp#27;[0m
21:50:25.599 [main] INFO  -- |-- Then en el registro debería ver un mensaje de error "Las contraseñas no coinciden"
  &amp#27;[32mThen &amp#27;[0m&amp#27;[32men el registro debería ver un mensaje de error &amp#27;[0m&amp#27;[32m&amp#27;[1m"Las contraseñas no coinciden"&amp#27;[0m &amp#27;[90m# com.zerosmoke.stepdefinitions.RegistrationSteps.enElRegistroDeberiaVerUnMensajeDeError(java.lang.String)&amp#27;[0m
21:50:25.605 [main] INFO  -- |-- And debería permanecer en la página de registro
  &amp#27;[32mAnd &amp#27;[0m&amp#27;[32mdebería permanecer en la página de registro&amp#27;[0m                                    &amp#27;[90m# com.zerosmoke.stepdefinitions.RegistrationSteps.deberiaPermanecerenLaPaginaDeRegistro()&amp#27;[0m
21:50:25.625 [main] INFO  -- 
  _____   ___   ___   _____     ___     _     ___   ___   ___   ___  
 |_   _| | __| / __| |_   _|   | _ \   /_\   / __| / __| | __| |   \ 
   | |   | _|  \__ \   | |     |  _/  / _ \  \__ \ \__ \ | _|  | |) |
   |_|   |___| |___/   |_|     |_|   /_/ \_\ |___/ |___/ |___| |___/ 

Registro con contraseñas que no coinciden
----------------------------------------------------------------------
]]></system-out>
    <system-err><![CDATA[jun 11, 2025 9:48:17 P. M. org.openqa.selenium.devtools.CdpVersionFinder findNearestMatch
WARNING: Unable to find an exact match for CDP version 137, returning the closest version; found: 133; Please update to a Selenium version that supports CDP version 137
]]></system-err>
  </testcase>
  <testcase name="Login exitoso con credenciales válidas" classname="Inicio de Sesión de Usuario" time="130.289">
    <system-out><![CDATA[21:50:26.201 [main] DEBUG io.cucumber.core.plugin.SerenityReporter -- Running feature from file:///C:/Users/Daleska/OneDrive/Desktop/ZEROSMOKE_FASTAPI/cucumber-tests/src/test/resources/features/02_user_login.feature
21:50:26.204 [main] DEBUG net.thucydides.core.steps.StepEventBus -- Test suite started for story net.thucydides.model.domain.Story@a1fa8a40
21:50:26.204 [main] INFO  -- Test Suite Started: Inicio de Sesión de Usuario

@funcionalidades_principales @smoke @login
Scenario: Login exitoso con credenciales válidas     &amp#27;[90m# src/test/resources/features/02_user_login.feature:12&amp#27;[0m
21:50:26.220 [main] DEBUG io.cucumber.core.plugin.SerenityReporter -- Running feature from file:///C:/Users/Daleska/OneDrive/Desktop/ZEROSMOKE_FASTAPI/cucumber-tests/src/test/resources/features/02_user_login.feature
21:50:26.221 [main] INFO  -- 
  _____   ___   ___   _____     ___   _____     _     ___   _____   ___   ___  
 |_   _| | __| / __| |_   _|   / __| |_   _|   /_\   | _ \ |_   _| | __| |   \ 
   | |   | _|  \__ \   | |     \__ \   | |    / _ \  |   /   | |   | _|  | |) |
   |_|   |___| |___/   |_|     |___/   |_|   /_/ \_\ |_|_\   |_|   |___| |___/ 

Login exitoso con credenciales válidas(inicio-de-sesión-de-usuario;login-exitoso-con-credenciales-válidas)
--------------------------------------------------------------------------------
21:50:26.224 [main] INFO  -- |-- Given que la aplicación ZeroSmoke está funcionando
21:50:26.374 [main] INFO net.serenitybdd.core.webdriver.driverproviders.ChromeDriverProvider -- Starting Chrome driver instance with capabilities:
21:50:26.374 [main] INFO net.serenitybdd.core.webdriver.driverproviders.ChromeDriverProvider -- Capabilities {acceptInsecureCerts: false, browserName: chrome, goog:chromeOptions: {args: [remote-allow-origins=*, --disable-extensions,--disa...], extensions: []}}
  &amp#27;[32mGiven &amp#27;[0m&amp#27;[32mque la aplicación ZeroSmoke está funcionando&amp#27;[0m &amp#27;[90m# com.zerosmoke.stepdefinitions.CommonSteps.quelaAplicacionZeroSmokeEstaFuncionando()&amp#27;[0m
21:50:30.619 [main] INFO  -- |-- And estoy en la página principal
  &amp#27;[32mAnd &amp#27;[0m&amp#27;[32mestoy en la página principal&amp#27;[0m                   &amp#27;[90m# com.zerosmoke.stepdefinitions.CommonSteps.estoyEnLaPaginaPrincipal()&amp#27;[0m
21:50:30.728 [main] INFO  -- |-- Given navego a la página de login
  &amp#27;[32mGiven &amp#27;[0m&amp#27;[32mnavego a la página de login&amp#27;[0m                  &amp#27;[90m# com.zerosmoke.stepdefinitions.LoginSteps.navegoALaPaginaDeLogin()&amp#27;[0m
21:52:35.653 [main] INFO  -- |-- When ingreso las credenciales:
| email | usuario@test.com |
| contraseña | password123 |
  &amp#27;[32mWhen &amp#27;[0m&amp#27;[32mingreso las credenciales:&amp#27;[0m                     &amp#27;[90m# com.zerosmoke.stepdefinitions.LoginSteps.ingresoLasCredenciales(io.cucumber.datatable.DataTable)&amp#27;[0m
    | email      | usuario@test.com |
    | contraseña | password123      |
21:52:35.760 [main] INFO  -- |-- And hago clic en iniciar sesión
  &amp#27;[32mAnd &amp#27;[0m&amp#27;[32mhago clic en iniciar sesión&amp#27;[0m                    &amp#27;[90m# com.zerosmoke.stepdefinitions.LoginSteps.hagoClicEnIniciarSesion()&amp#27;[0m
21:52:36.085 [main] INFO  -- |-- Then debería ser redirigido al dashboard
  &amp#27;[32mThen &amp#27;[0m&amp#27;[32mdebería ser redirigido al dashboard&amp#27;[0m           &amp#27;[90m# com.zerosmoke.stepdefinitions.LoginSteps.deberiaSerRedirigidoAlDashboard()&amp#27;[0m
21:52:36.093 [main] INFO  -- |-- And debería ver el menú de usuario
  &amp#27;[32mAnd &amp#27;[0m&amp#27;[32mdebería ver el menú de usuario&amp#27;[0m                 &amp#27;[90m# com.zerosmoke.stepdefinitions.LoginSteps.deberiaVerElMenuDeUsuario()&amp#27;[0m
21:52:36.099 [main] INFO  -- 
  _____   ___   ___   _____     ___     _     ___   ___   ___   ___  
 |_   _| | __| / __| |_   _|   | _ \   /_\   / __| / __| | __| |   \ 
   | |   | _|  \__ \   | |     |  _/  / _ \  \__ \ \__ \ | _|  | |) |
   |_|   |___| |___/   |_|     |_|   /_/ \_\ |___/ |___/ |___| |___/ 

Login exitoso con credenciales válidas
----------------------------------------------------------------------
]]></system-out>
    <system-err><![CDATA[jun 11, 2025 9:50:28 P. M. org.openqa.selenium.devtools.CdpVersionFinder findNearestMatch
WARNING: Unable to find an exact match for CDP version 137, returning the closest version; found: 133; Please update to a Selenium version that supports CDP version 137
]]></system-err>
  </testcase>
  <testcase name="Login con credenciales inválidas" classname="Inicio de Sesión de Usuario" time="130.62">
    <system-out><![CDATA[
@funcionalidades_principales @login @validacion
Scenario: Login con credenciales inválidas                                  &amp#27;[90m# src/test/resources/features/02_user_login.feature:22&amp#27;[0m
21:52:36.515 [main] DEBUG io.cucumber.core.plugin.SerenityReporter -- Running feature from file:///C:/Users/Daleska/OneDrive/Desktop/ZEROSMOKE_FASTAPI/cucumber-tests/src/test/resources/features/02_user_login.feature
21:52:36.516 [main] INFO  -- 
  _____   ___   ___   _____     ___   _____     _     ___   _____   ___   ___  
 |_   _| | __| / __| |_   _|   / __| |_   _|   /_\   | _ \ |_   _| | __| |   \ 
   | |   | _|  \__ \   | |     \__ \   | |    / _ \  |   /   | |   | _|  | |) |
   |_|   |___| |___/   |_|     |___/   |_|   /_/ \_\ |_|_\   |_|   |___| |___/ 

Login con credenciales inválidas(inicio-de-sesión-de-usuario;login-con-credenciales-inválidas)
--------------------------------------------------------------------------------
21:52:36.516 [main] INFO  -- |-- Given que la aplicación ZeroSmoke está funcionando
21:52:36.649 [main] INFO net.serenitybdd.core.webdriver.driverproviders.ChromeDriverProvider -- Starting Chrome driver instance with capabilities:
21:52:36.649 [main] INFO net.serenitybdd.core.webdriver.driverproviders.ChromeDriverProvider -- Capabilities {acceptInsecureCerts: false, browserName: chrome, goog:chromeOptions: {args: [remote-allow-origins=*, --disable-extensions,--disa...], extensions: []}}
  &amp#27;[32mGiven &amp#27;[0m&amp#27;[32mque la aplicación ZeroSmoke está funcionando&amp#27;[0m                        &amp#27;[90m# com.zerosmoke.stepdefinitions.CommonSteps.quelaAplicacionZeroSmokeEstaFuncionando()&amp#27;[0m
21:52:40.923 [main] INFO  -- |-- And estoy en la página principal
  &amp#27;[32mAnd &amp#27;[0m&amp#27;[32mestoy en la página principal&amp#27;[0m                                          &amp#27;[90m# com.zerosmoke.stepdefinitions.CommonSteps.estoyEnLaPaginaPrincipal()&amp#27;[0m
21:52:41.034 [main] INFO  -- |-- Given navego a la página de login
  &amp#27;[32mGiven &amp#27;[0m&amp#27;[32mnavego a la página de login&amp#27;[0m                                         &amp#27;[90m# com.zerosmoke.stepdefinitions.LoginSteps.navegoALaPaginaDeLogin()&amp#27;[0m
21:54:46.034 [main] INFO  -- |-- When ingreso credenciales inválidas:
| email | usuario@inexistente.com |
| contraseña | passwordIncorrecto |
  &amp#27;[32mWhen &amp#27;[0m&amp#27;[32mingreso credenciales inválidas:&amp#27;[0m                                      &amp#27;[90m# com.zerosmoke.stepdefinitions.LoginSteps.ingresoCredencialesInvalidas(io.cucumber.datatable.DataTable)&amp#27;[0m
    | email      | usuario@inexistente.com |
    | contraseña | passwordIncorrecto      |
21:54:46.145 [main] INFO  -- |-- And hago clic en iniciar sesión
  &amp#27;[32mAnd &amp#27;[0m&amp#27;[32mhago clic en iniciar sesión&amp#27;[0m                                           &amp#27;[90m# com.zerosmoke.stepdefinitions.LoginSteps.hagoClicEnIniciarSesion()&amp#27;[0m
21:54:46.562 [main] INFO  -- |-- Then en el login debería ver un mensaje de error "Credenciales inválidas"
  &amp#27;[32mThen &amp#27;[0m&amp#27;[32men el login debería ver un mensaje de error &amp#27;[0m&amp#27;[32m&amp#27;[1m"Credenciales inválidas"&amp#27;[0m &amp#27;[90m# com.zerosmoke.stepdefinitions.LoginSteps.enElLoginDeberiaVerUnMensajeDeError(java.lang.String)&amp#27;[0m
21:54:46.566 [main] INFO  -- |-- And debería permanecer en la página de login
  &amp#27;[32mAnd &amp#27;[0m&amp#27;[32mdebería permanecer en la página de login&amp#27;[0m                              &amp#27;[90m# com.zerosmoke.stepdefinitions.LoginSteps.deberiaPermanecerenLaPaginaDeLogin()&amp#27;[0m
21:54:46.624 [main] INFO  -- 
  _____   ___   ___   _____     ___     _     ___   ___   ___   ___  
 |_   _| | __| / __| |_   _|   | _ \   /_\   / __| / __| | __| |   \ 
   | |   | _|  \__ \   | |     |  _/  / _ \  \__ \ \__ \ | _|  | |) |
   |_|   |___| |___/   |_|     |_|   /_/ \_\ |___/ |___/ |___| |___/ 

Login con credenciales inválidas
----------------------------------------------------------------------
]]></system-out>
    <system-err><![CDATA[jun 11, 2025 9:52:38 P. M. org.openqa.selenium.devtools.CdpVersionFinder findNearestMatch
WARNING: Unable to find an exact match for CDP version 137, returning the closest version; found: 133; Please update to a Selenium version that supports CDP version 137
]]></system-err>
  </testcase>
  <testcase name="Login sin completar campos" classname="Inicio de Sesión de Usuario" time="130.525">
    <system-out><![CDATA[
@funcionalidades_principales @login @validacion
Scenario: Login sin completar campos                                                     &amp#27;[90m# src/test/resources/features/02_user_login.feature:32&amp#27;[0m
21:54:47.144 [main] DEBUG io.cucumber.core.plugin.SerenityReporter -- Running feature from file:///C:/Users/Daleska/OneDrive/Desktop/ZEROSMOKE_FASTAPI/cucumber-tests/src/test/resources/features/02_user_login.feature
21:54:47.145 [main] INFO  -- 
  _____   ___   ___   _____     ___   _____     _     ___   _____   ___   ___  
 |_   _| | __| / __| |_   _|   / __| |_   _|   /_\   | _ \ |_   _| | __| |   \ 
   | |   | _|  \__ \   | |     \__ \   | |    / _ \  |   /   | |   | _|  | |) |
   |_|   |___| |___/   |_|     |___/   |_|   /_/ \_\ |_|_\   |_|   |___| |___/ 

Login sin completar campos(inicio-de-sesión-de-usuario;login-sin-completar-campos)
--------------------------------------------------------------------------------
21:54:47.147 [main] INFO  -- |-- Given que la aplicación ZeroSmoke está funcionando
21:54:47.287 [main] INFO net.serenitybdd.core.webdriver.driverproviders.ChromeDriverProvider -- Starting Chrome driver instance with capabilities:
21:54:47.288 [main] INFO net.serenitybdd.core.webdriver.driverproviders.ChromeDriverProvider -- Capabilities {acceptInsecureCerts: false, browserName: chrome, goog:chromeOptions: {args: [remote-allow-origins=*, --disable-extensions,--disa...], extensions: []}}
  &amp#27;[32mGiven &amp#27;[0m&amp#27;[32mque la aplicación ZeroSmoke está funcionando&amp#27;[0m                                     &amp#27;[90m# com.zerosmoke.stepdefinitions.CommonSteps.quelaAplicacionZeroSmokeEstaFuncionando()&amp#27;[0m
21:54:51.819 [main] INFO  -- |-- And estoy en la página principal
  &amp#27;[32mAnd &amp#27;[0m&amp#27;[32mestoy en la página principal&amp#27;[0m                                                       &amp#27;[90m# com.zerosmoke.stepdefinitions.CommonSteps.estoyEnLaPaginaPrincipal()&amp#27;[0m
21:54:51.919 [main] INFO  -- |-- Given navego a la página de login
  &amp#27;[32mGiven &amp#27;[0m&amp#27;[32mnavego a la página de login&amp#27;[0m                                                      &amp#27;[90m# com.zerosmoke.stepdefinitions.LoginSteps.navegoALaPaginaDeLogin()&amp#27;[0m
21:56:56.874 [main] INFO  -- |-- When intento hacer login sin credenciales
  &amp#27;[32mWhen &amp#27;[0m&amp#27;[32mintento hacer login sin credenciales&amp#27;[0m                                              &amp#27;[90m# com.zerosmoke.stepdefinitions.LoginSteps.intentoHacerLoginSinCredenciales()&amp#27;[0m
21:56:57.150 [main] INFO  -- |-- Then en el login debería ver un mensaje de error "Por favor complete todos los campos"
  &amp#27;[32mThen &amp#27;[0m&amp#27;[32men el login debería ver un mensaje de error &amp#27;[0m&amp#27;[32m&amp#27;[1m"Por favor complete todos los campos"&amp#27;[0m &amp#27;[90m# com.zerosmoke.stepdefinitions.LoginSteps.enElLoginDeberiaVerUnMensajeDeError(java.lang.String)&amp#27;[0m
21:56:57.155 [main] INFO  -- |-- And debería permanecer en la página de login
  &amp#27;[32mAnd &amp#27;[0m&amp#27;[32mdebería permanecer en la página de login&amp#27;[0m                                           &amp#27;[90m# com.zerosmoke.stepdefinitions.LoginSteps.deberiaPermanecerenLaPaginaDeLogin()&amp#27;[0m
21:56:57.181 [main] INFO  -- 
  _____   ___   ___   _____     ___     _     ___   ___   ___   ___  
 |_   _| | __| / __| |_   _|   | _ \   /_\   / __| / __| | __| |   \ 
   | |   | _|  \__ \   | |     |  _/  / _ \  \__ \ \__ \ | _|  | |) |
   |_|   |___| |___/   |_|     |_|   /_/ \_\ |___/ |___/ |___| |___/ 

Login sin completar campos
----------------------------------------------------------------------
]]></system-out>
    <system-err><![CDATA[jun 11, 2025 9:54:50 P. M. org.openqa.selenium.devtools.CdpVersionFinder findNearestMatch
WARNING: Unable to find an exact match for CDP version 137, returning the closest version; found: 133; Please update to a Selenium version that supports CDP version 137
]]></system-err>
  </testcase>
  <testcase name="Cerrar sesión correctamente" classname="Inicio de Sesión de Usuario" time="140.33">
    <system-out><![CDATA[
@funcionalidades_principales @smoke @logout
Scenario: Cerrar sesión correctamente                &amp#27;[90m# src/test/resources/features/02_user_login.feature:39&amp#27;[0m
21:56:57.670 [main] DEBUG io.cucumber.core.plugin.SerenityReporter -- Running feature from file:///C:/Users/Daleska/OneDrive/Desktop/ZEROSMOKE_FASTAPI/cucumber-tests/src/test/resources/features/02_user_login.feature
21:56:57.671 [main] INFO  -- 
  _____   ___   ___   _____     ___   _____     _     ___   _____   ___   ___  
 |_   _| | __| / __| |_   _|   / __| |_   _|   /_\   | _ \ |_   _| | __| |   \ 
   | |   | _|  \__ \   | |     \__ \   | |    / _ \  |   /   | |   | _|  | |) |
   |_|   |___| |___/   |_|     |___/   |_|   /_/ \_\ |_|_\   |_|   |___| |___/ 

Cerrar sesión correctamente(inicio-de-sesión-de-usuario;cerrar-sesión-correctamente)
--------------------------------------------------------------------------------
21:56:57.672 [main] INFO  -- |-- Given que la aplicación ZeroSmoke está funcionando
21:56:57.813 [main] INFO net.serenitybdd.core.webdriver.driverproviders.ChromeDriverProvider -- Starting Chrome driver instance with capabilities:
21:56:57.814 [main] INFO net.serenitybdd.core.webdriver.driverproviders.ChromeDriverProvider -- Capabilities {acceptInsecureCerts: false, browserName: chrome, goog:chromeOptions: {args: [remote-allow-origins=*, --disable-extensions,--disa...], extensions: []}}
  &amp#27;[32mGiven &amp#27;[0m&amp#27;[32mque la aplicación ZeroSmoke está funcionando&amp#27;[0m &amp#27;[90m# com.zerosmoke.stepdefinitions.CommonSteps.quelaAplicacionZeroSmokeEstaFuncionando()&amp#27;[0m
21:57:01.875 [main] INFO  -- |-- And estoy en la página principal
  &amp#27;[32mAnd &amp#27;[0m&amp#27;[32mestoy en la página principal&amp#27;[0m                   &amp#27;[90m# com.zerosmoke.stepdefinitions.CommonSteps.estoyEnLaPaginaPrincipal()&amp#27;[0m
21:57:01.980 [main] INFO  -- |-- Given estoy autenticado como usuario
  &amp#27;[32mGiven &amp#27;[0m&amp#27;[32mestoy autenticado como usuario&amp#27;[0m               &amp#27;[90m# com.zerosmoke.stepdefinitions.LoginSteps.estoyAutenticadoComoUsuario()&amp#27;[0m
21:59:07.408 [main] INFO  -- |-- When hago clic en cerrar sesión
  &amp#27;[32mWhen &amp#27;[0m&amp#27;[32mhago clic en cerrar sesión&amp#27;[0m                    &amp#27;[90m# com.zerosmoke.stepdefinitions.LoginSteps.hagoClicEnCerrarSesion()&amp#27;[0m
21:59:17.461 [main] INFO  -- |-- Then debería ser redirigido a la página principal
  &amp#27;[32mThen &amp#27;[0m&amp#27;[32mdebería ser redirigido a la página principal&amp#27;[0m  &amp#27;[90m# com.zerosmoke.stepdefinitions.LoginSteps.deberiaSerRedirigidoALaPaginaPrincipal()&amp#27;[0m
21:59:17.471 [main] INFO  -- |-- And no debería ver el menú de usuario
  &amp#27;[32mAnd &amp#27;[0m&amp#27;[32mno debería ver el menú de usuario&amp#27;[0m              &amp#27;[90m# com.zerosmoke.stepdefinitions.LoginSteps.noDeberiaVerElMenuDeUsuario()&amp#27;[0m
21:59:17.481 [main] INFO  -- 
  _____   ___   ___   _____     ___     _     ___   ___   ___   ___  
 |_   _| | __| / __| |_   _|   | _ \   /_\   / __| / __| | __| |   \ 
   | |   | _|  \__ \   | |     |  _/  / _ \  \__ \ \__ \ | _|  | |) |
   |_|   |___| |___/   |_|     |_|   /_/ \_\ |___/ |___/ |___| |___/ 

Cerrar sesión correctamente
----------------------------------------------------------------------
]]></system-out>
    <system-err><![CDATA[jun 11, 2025 9:57:00 P. M. org.openqa.selenium.devtools.CdpVersionFinder findNearestMatch
WARNING: Unable to find an exact match for CDP version 137, returning the closest version; found: 133; Please update to a Selenium version that supports CDP version 137
]]></system-err>
  </testcase>
  <testcase name="Envío exitoso de mensaje de contacto" classname="Formulario de Contacto" time="130.219">
    <system-out><![CDATA[21:59:17.996 [main] DEBUG io.cucumber.core.plugin.SerenityReporter -- Running feature from file:///C:/Users/Daleska/OneDrive/Desktop/ZEROSMOKE_FASTAPI/cucumber-tests/src/test/resources/features/03_contact_form.feature
21:59:17.998 [main] DEBUG net.thucydides.core.steps.StepEventBus -- Test suite started for story net.thucydides.model.domain.Story@e2f6c7e0
21:59:17.999 [main] INFO  -- Test Suite Started: Formulario de Contacto

@funcionalidades_principales @smoke @contacto
Scenario: Envío exitoso de mensaje de contacto                                &amp#27;[90m# src/test/resources/features/03_contact_form.feature:12&amp#27;[0m
21:59:18.012 [main] DEBUG io.cucumber.core.plugin.SerenityReporter -- Running feature from file:///C:/Users/Daleska/OneDrive/Desktop/ZEROSMOKE_FASTAPI/cucumber-tests/src/test/resources/features/03_contact_form.feature
21:59:18.013 [main] INFO  -- 
  _____   ___   ___   _____     ___   _____     _     ___   _____   ___   ___  
 |_   _| | __| / __| |_   _|   / __| |_   _|   /_\   | _ \ |_   _| | __| |   \ 
   | |   | _|  \__ \   | |     \__ \   | |    / _ \  |   /   | |   | _|  | |) |
   |_|   |___| |___/   |_|     |___/   |_|   /_/ \_\ |_|_\   |_|   |___| |___/ 

Envío exitoso de mensaje de contacto(formulario-de-contacto;envío-exitoso-de-mensaje-de-contacto)
--------------------------------------------------------------------------------
21:59:18.014 [main] INFO  -- |-- Given que la aplicación ZeroSmoke está funcionando
21:59:18.169 [main] INFO net.serenitybdd.core.webdriver.driverproviders.ChromeDriverProvider -- Starting Chrome driver instance with capabilities:
21:59:18.169 [main] INFO net.serenitybdd.core.webdriver.driverproviders.ChromeDriverProvider -- Capabilities {acceptInsecureCerts: false, browserName: chrome, goog:chromeOptions: {args: [remote-allow-origins=*, --disable-extensions,--disa...], extensions: []}}
  &amp#27;[32mGiven &amp#27;[0m&amp#27;[32mque la aplicación ZeroSmoke está funcionando&amp#27;[0m                          &amp#27;[90m# com.zerosmoke.stepdefinitions.CommonSteps.quelaAplicacionZeroSmokeEstaFuncionando()&amp#27;[0m
21:59:22.315 [main] INFO  -- |-- And estoy en la página principal
  &amp#27;[32mAnd &amp#27;[0m&amp#27;[32mestoy en la página principal&amp#27;[0m                                            &amp#27;[90m# com.zerosmoke.stepdefinitions.CommonSteps.estoyEnLaPaginaPrincipal()&amp#27;[0m
21:59:22.425 [main] INFO  -- |-- Given navego a la página de contacto
  &amp#27;[32mGiven &amp#27;[0m&amp#27;[32mnavego a la página de contacto&amp#27;[0m                                        &amp#27;[90m# com.zerosmoke.stepdefinitions.ContactSteps.navegoALaPaginaDeContacto()&amp#27;[0m
21:59:22.900 [main] INFO  -- |-- When completo el formulario de contacto con:
| nombre | María García |
| email | maria.garcia@test.com |
| asunto | Consulta sobre el programa |
| mensaje | Me interesa saber más detalles |
  &amp#27;[32mWhen &amp#27;[0m&amp#27;[32mcompleto el formulario de contacto con:&amp#27;[0m                                &amp#27;[90m# com.zerosmoke.stepdefinitions.ContactSteps.completoElFormularioDeContactoCon(io.cucumber.datatable.DataTable)&amp#27;[0m
    | nombre  | María García                   |
    | email   | maria.garcia@test.com          |
    | asunto  | Consulta sobre el programa     |
    | mensaje | Me interesa saber más detalles |
21:59:23.651 [main] INFO  -- |-- And hago clic en enviar mensaje
  &amp#27;[32mAnd &amp#27;[0m&amp#27;[32mhago clic en enviar mensaje&amp#27;[0m                                             &amp#27;[90m# com.zerosmoke.stepdefinitions.ContactSteps.hagoClicEnEnviarMensaje()&amp#27;[0m
22:01:27.715 [main] INFO  -- |-- Then debería ver un mensaje de confirmación "Mensaje enviado correctamente"
  &amp#27;[32mThen &amp#27;[0m&amp#27;[32mdebería ver un mensaje de confirmación &amp#27;[0m&amp#27;[32m&amp#27;[1m"Mensaje enviado correctamente"&amp#27;[0m &amp#27;[90m# com.zerosmoke.stepdefinitions.ContactSteps.deberiaVerUnMensajeDeConfirmacion(java.lang.String)&amp#27;[0m
22:01:27.718 [main] INFO  -- |-- And el formulario debería limpiarse
  &amp#27;[32mAnd &amp#27;[0m&amp#27;[32mel formulario debería limpiarse&amp#27;[0m                                         &amp#27;[90m# com.zerosmoke.stepdefinitions.ContactSteps.elFormularioDeberiaLimpiarse()&amp#27;[0m
22:01:27.721 [main] INFO  -- 
  _____   ___   ___   _____     ___     _     ___   ___   ___   ___  
 |_   _| | __| / __| |_   _|   | _ \   /_\   / __| / __| | __| |   \ 
   | |   | _|  \__ \   | |     |  _/  / _ \  \__ \ \__ \ | _|  | |) |
   |_|   |___| |___/   |_|     |_|   /_/ \_\ |___/ |___/ |___| |___/ 

Envío exitoso de mensaje de contacto
----------------------------------------------------------------------
]]></system-out>
    <system-err><![CDATA[jun 11, 2025 9:59:20 P. M. org.openqa.selenium.devtools.CdpVersionFinder findNearestMatch
WARNING: Unable to find an exact match for CDP version 137, returning the closest version; found: 133; Please update to a Selenium version that supports CDP version 137
]]></system-err>
  </testcase>
  <testcase name="Envío de formulario incompleto" classname="Formulario de Contacto" time="129.238">
    <system-out><![CDATA[
@funcionalidades_principales @contacto @validacion
Scenario: Envío de formulario incompleto                                                               &amp#27;[90m# src/test/resources/features/03_contact_form.feature:24&amp#27;[0m
22:01:28.232 [main] DEBUG io.cucumber.core.plugin.SerenityReporter -- Running feature from file:///C:/Users/Daleska/OneDrive/Desktop/ZEROSMOKE_FASTAPI/cucumber-tests/src/test/resources/features/03_contact_form.feature
22:01:28.233 [main] INFO  -- 
  _____   ___   ___   _____     ___   _____     _     ___   _____   ___   ___  
 |_   _| | __| / __| |_   _|   / __| |_   _|   /_\   | _ \ |_   _| | __| |   \ 
   | |   | _|  \__ \   | |     \__ \   | |    / _ \  |   /   | |   | _|  | |) |
   |_|   |___| |___/   |_|     |___/   |_|   /_/ \_\ |_|_\   |_|   |___| |___/ 

Envío de formulario incompleto(formulario-de-contacto;envío-de-formulario-incompleto)
--------------------------------------------------------------------------------
22:01:28.235 [main] INFO  -- |-- Given que la aplicación ZeroSmoke está funcionando
22:01:28.374 [main] INFO net.serenitybdd.core.webdriver.driverproviders.ChromeDriverProvider -- Starting Chrome driver instance with capabilities:
22:01:28.374 [main] INFO net.serenitybdd.core.webdriver.driverproviders.ChromeDriverProvider -- Capabilities {acceptInsecureCerts: false, browserName: chrome, goog:chromeOptions: {args: [remote-allow-origins=*, --disable-extensions,--disa...], extensions: []}}
  &amp#27;[32mGiven &amp#27;[0m&amp#27;[32mque la aplicación ZeroSmoke está funcionando&amp#27;[0m                                                   &amp#27;[90m# com.zerosmoke.stepdefinitions.CommonSteps.quelaAplicacionZeroSmokeEstaFuncionando()&amp#27;[0m
22:01:32.442 [main] INFO  -- |-- And estoy en la página principal
  &amp#27;[32mAnd &amp#27;[0m&amp#27;[32mestoy en la página principal&amp#27;[0m                                                                     &amp#27;[90m# com.zerosmoke.stepdefinitions.CommonSteps.estoyEnLaPaginaPrincipal()&amp#27;[0m
22:01:32.584 [main] INFO  -- |-- Given navego a la página de contacto
  &amp#27;[32mGiven &amp#27;[0m&amp#27;[32mnavego a la página de contacto&amp#27;[0m                                                                 &amp#27;[90m# com.zerosmoke.stepdefinitions.ContactSteps.navegoALaPaginaDeContacto()&amp#27;[0m
22:01:32.908 [main] INFO  -- |-- When intento enviar el formulario sin completar los campos requeridos
  &amp#27;[32mWhen &amp#27;[0m&amp#27;[32mintento enviar el formulario sin completar los campos requeridos&amp#27;[0m                                &amp#27;[90m# com.zerosmoke.stepdefinitions.ContactSteps.intentoEnviarElFormularioSinCompletarLosCamposRequeridos()&amp#27;[0m
22:03:36.797 [main] INFO  -- |-- Then en el contacto debería ver un mensaje de error "Por favor complete todos los campos requeridos"
  &amp#27;[32mThen &amp#27;[0m&amp#27;[32men el contacto debería ver un mensaje de error &amp#27;[0m&amp#27;[32m&amp#27;[1m"Por favor complete todos los campos requeridos"&amp#27;[0m &amp#27;[90m# com.zerosmoke.stepdefinitions.ContactSteps.enElContactoDeberiaVerUnMensajeDeError(java.lang.String)&amp#27;[0m
22:03:36.804 [main] INFO  -- |-- And debería permanecer en la página de contacto
  &amp#27;[32mAnd &amp#27;[0m&amp#27;[32mdebería permanecer en la página de contacto&amp#27;[0m                                                      &amp#27;[90m# com.zerosmoke.stepdefinitions.ContactSteps.deberiaPermanecerenLaPaginaDeContacto()&amp#27;[0m
22:03:36.829 [main] INFO  -- 
  _____   ___   ___   _____     ___     _     ___   ___   ___   ___  
 |_   _| | __| / __| |_   _|   | _ \   /_\   / __| / __| | __| |   \ 
   | |   | _|  \__ \   | |     |  _/  / _ \  \__ \ \__ \ | _|  | |) |
   |_|   |___| |___/   |_|     |_|   /_/ \_\ |___/ |___/ |___| |___/ 

Envío de formulario incompleto
----------------------------------------------------------------------
]]></system-out>
    <system-err><![CDATA[jun 11, 2025 10:01:30 P. M. org.openqa.selenium.devtools.CdpVersionFinder findNearestMatch
WARNING: Unable to find an exact match for CDP version 137, returning the closest version; found: 133; Please update to a Selenium version that supports CDP version 137
]]></system-err>
  </testcase>
  <testcase name="Envío con email inválido" classname="Formulario de Contacto" time="130.021">
    <system-out><![CDATA[
@funcionalidades_principales @contacto @validacion
Scenario: Envío con email inválido                                                        &amp#27;[90m# src/test/resources/features/03_contact_form.feature:31&amp#27;[0m
22:03:37.471 [main] DEBUG io.cucumber.core.plugin.SerenityReporter -- Running feature from file:///C:/Users/Daleska/OneDrive/Desktop/ZEROSMOKE_FASTAPI/cucumber-tests/src/test/resources/features/03_contact_form.feature
22:03:37.472 [main] INFO  -- 
  _____   ___   ___   _____     ___   _____     _     ___   _____   ___   ___  
 |_   _| | __| / __| |_   _|   / __| |_   _|   /_\   | _ \ |_   _| | __| |   \ 
   | |   | _|  \__ \   | |     \__ \   | |    / _ \  |   /   | |   | _|  | |) |
   |_|   |___| |___/   |_|     |___/   |_|   /_/ \_\ |_|_\   |_|   |___| |___/ 

Envío con email inválido(formulario-de-contacto;envío-con-email-inválido)
--------------------------------------------------------------------------------
22:03:37.473 [main] INFO  -- |-- Given que la aplicación ZeroSmoke está funcionando
22:03:37.587 [main] INFO net.serenitybdd.core.webdriver.driverproviders.ChromeDriverProvider -- Starting Chrome driver instance with capabilities:
22:03:37.587 [main] INFO net.serenitybdd.core.webdriver.driverproviders.ChromeDriverProvider -- Capabilities {acceptInsecureCerts: false, browserName: chrome, goog:chromeOptions: {args: [remote-allow-origins=*, --disable-extensions,--disa...], extensions: []}}
  &amp#27;[32mGiven &amp#27;[0m&amp#27;[32mque la aplicación ZeroSmoke está funcionando&amp#27;[0m                                      &amp#27;[90m# com.zerosmoke.stepdefinitions.CommonSteps.quelaAplicacionZeroSmokeEstaFuncionando()&amp#27;[0m
22:03:41.662 [main] INFO  -- |-- And estoy en la página principal
  &amp#27;[32mAnd &amp#27;[0m&amp#27;[32mestoy en la página principal&amp#27;[0m                                                        &amp#27;[90m# com.zerosmoke.stepdefinitions.CommonSteps.estoyEnLaPaginaPrincipal()&amp#27;[0m
22:03:41.769 [main] INFO  -- |-- Given navego a la página de contacto
  &amp#27;[32mGiven &amp#27;[0m&amp#27;[32mnavego a la página de contacto&amp#27;[0m                                                    &amp#27;[90m# com.zerosmoke.stepdefinitions.ContactSteps.navegoALaPaginaDeContacto()&amp#27;[0m
22:03:42.116 [main] INFO  -- |-- When completo el formulario con un email inválido:
| nombre | María García |
| email | email-invalido |
| asunto | Consulta |
| mensaje | Mensaje de prueba |
  &amp#27;[32mWhen &amp#27;[0m&amp#27;[32mcompleto el formulario con un email inválido:&amp#27;[0m                                      &amp#27;[90m# com.zerosmoke.stepdefinitions.ContactSteps.completoElFormularioConUnEmailInvalido(io.cucumber.datatable.DataTable)&amp#27;[0m
    | nombre  | María García      |
    | email   | email-invalido    |
    | asunto  | Consulta          |
    | mensaje | Mensaje de prueba |
22:03:42.626 [main] INFO  -- |-- And hago clic en enviar mensaje
  &amp#27;[32mAnd &amp#27;[0m&amp#27;[32mhago clic en enviar mensaje&amp#27;[0m                                                         &amp#27;[90m# com.zerosmoke.stepdefinitions.ContactSteps.hagoClicEnEnviarMensaje()&amp#27;[0m
22:05:46.757 [main] INFO  -- |-- Then en el contacto debería ver un mensaje de error "Por favor ingrese un email válido"
  &amp#27;[32mThen &amp#27;[0m&amp#27;[32men el contacto debería ver un mensaje de error &amp#27;[0m&amp#27;[32m&amp#27;[1m"Por favor ingrese un email válido"&amp#27;[0m &amp#27;[90m# com.zerosmoke.stepdefinitions.ContactSteps.enElContactoDeberiaVerUnMensajeDeError(java.lang.String)&amp#27;[0m
22:05:46.771 [main] INFO  -- |-- And debería permanecer en la página de contacto
  &amp#27;[32mAnd &amp#27;[0m&amp#27;[32mdebería permanecer en la página de contacto&amp#27;[0m                                         &amp#27;[90m# com.zerosmoke.stepdefinitions.ContactSteps.deberiaPermanecerenLaPaginaDeContacto()&amp#27;[0m
22:05:46.791 [main] INFO  -- 
  _____   ___   ___   _____     ___     _     ___   ___   ___   ___  
 |_   _| | __| / __| |_   _|   | _ \   /_\   / __| / __| | __| |   \ 
   | |   | _|  \__ \   | |     |  _/  / _ \  \__ \ \__ \ | _|  | |) |
   |_|   |___| |___/   |_|     |_|   /_/ \_\ |___/ |___/ |___| |___/ 

Envío con email inválido
----------------------------------------------------------------------
]]></system-out>
    <system-err><![CDATA[jun 11, 2025 10:03:40 P. M. org.openqa.selenium.devtools.CdpVersionFinder findNearestMatch
WARNING: Unable to find an exact match for CDP version 137, returning the closest version; found: 133; Please update to a Selenium version that supports CDP version 137
]]></system-err>
  </testcase>
  <testcase name="Responder mensaje de contacto exitosamente" classname="Respuesta de Administrador a Mensajes de Contacto" time="26.627">
    <system-out><![CDATA[22:05:47.487 [main] DEBUG io.cucumber.core.plugin.SerenityReporter -- Running feature from file:///C:/Users/Daleska/OneDrive/Desktop/ZEROSMOKE_FASTAPI/cucumber-tests/src/test/resources/features/04_admin_message_response.feature
22:05:47.489 [main] DEBUG net.thucydides.core.steps.StepEventBus -- Test suite started for story net.thucydides.model.domain.Story@a9272080
22:05:47.489 [main] INFO  -- Test Suite Started: Respuesta de Administrador a Mensajes de Contacto

@funcionalidades_principales @smoke @admin
Scenario: Responder mensaje de contacto exitosamente                                                 &amp#27;[90m# src/test/resources/features/04_admin_message_response.feature:14&amp#27;[0m
22:05:47.504 [main] DEBUG io.cucumber.core.plugin.SerenityReporter -- Running feature from file:///C:/Users/Daleska/OneDrive/Desktop/ZEROSMOKE_FASTAPI/cucumber-tests/src/test/resources/features/04_admin_message_response.feature
22:05:47.505 [main] INFO  -- 
  _____   ___   ___   _____     ___   _____     _     ___   _____   ___   ___  
 |_   _| | __| / __| |_   _|   / __| |_   _|   /_\   | _ \ |_   _| | __| |   \ 
   | |   | _|  \__ \   | |     \__ \   | |    / _ \  |   /   | |   | _|  | |) |
   |_|   |___| |___/   |_|     |___/   |_|   /_/ \_\ |_|_\   |_|   |___| |___/ 

Responder mensaje de contacto exitosamente(respuesta-de-administrador-a-mensajes-de-contacto;responder-mensaje-de-contacto-exitosamente)
--------------------------------------------------------------------------------
22:05:47.506 [main] INFO  -- |-- Given que la aplicación ZeroSmoke está funcionando
22:05:47.661 [main] INFO net.serenitybdd.core.webdriver.driverproviders.ChromeDriverProvider -- Starting Chrome driver instance with capabilities:
22:05:47.662 [main] INFO net.serenitybdd.core.webdriver.driverproviders.ChromeDriverProvider -- Capabilities {acceptInsecureCerts: false, browserName: chrome, goog:chromeOptions: {args: [remote-allow-origins=*, --disable-extensions,--disa...], extensions: []}}
  &amp#27;[32mGiven &amp#27;[0m&amp#27;[32mque la aplicación ZeroSmoke está funcionando&amp#27;[0m                                                 &amp#27;[90m# com.zerosmoke.stepdefinitions.CommonSteps.quelaAplicacionZeroSmokeEstaFuncionando()&amp#27;[0m
22:05:51.908 [main] INFO  -- |-- And existe un mensaje de contacto pendiente de respuesta:
| nombre | email | asunto | mensaje |
| María | maria.garcia@test.com | Consulta general | Necesito más información |
  &amp#27;[32mAnd &amp#27;[0m&amp#27;[32mexiste un mensaje de contacto pendiente de respuesta:&amp#27;[0m                                          &amp#27;[90m# com.zerosmoke.stepdefinitions.AdminSteps.existeUnMensajeDeContactoPendienteDeRespuesta(io.cucumber.datatable.DataTable)&amp#27;[0m
    | nombre | email                 | asunto           | mensaje                  |
    | María  | maria.garcia@test.com | Consulta general | Necesito más información |
22:05:52.104 [main] INFO  -- |-- Given estoy en el panel de administración
  &amp#27;[32mGiven &amp#27;[0m&amp#27;[32mestoy en el panel de administración&amp#27;[0m                                                          &amp#27;[90m# com.zerosmoke.stepdefinitions.AdminSteps.estoyEnElPanelDeAdministracion()&amp#27;[0m
22:05:53.328 [main] INFO  -- |-- When navego a la gestión de mensajes
  &amp#27;[32mWhen &amp#27;[0m&amp#27;[32mnavego a la gestión de mensajes&amp#27;[0m                                                               &amp#27;[90m# com.zerosmoke.stepdefinitions.AdminSteps.navegoALaGestionDeMensajes()&amp#27;[0m
22:05:53.398 [main] INFO  -- |-- And selecciono el mensaje de "María"
  &amp#27;[32mAnd &amp#27;[0m&amp#27;[32mselecciono el mensaje de &amp#27;[0m&amp#27;[32m&amp#27;[1m"María"&amp#27;[0m                                                               &amp#27;[90m# com.zerosmoke.stepdefinitions.AdminSteps.seleccionoElMensajeDe(java.lang.String)&amp#27;[0m
22:06:03.498 [main] INFO  -- |-- And escribo una respuesta:
  &amp#27;[32mAnd &amp#27;[0m&amp#27;[32mescribo una respuesta:&amp#27;[0m                                                                         &amp#27;[90m# com.zerosmoke.stepdefinitions.AdminSteps.escriboUnaRespuesta(java.lang.String)&amp#27;[0m
22:06:13.537 [main] INFO  -- |-- And hago clic en enviar respuesta
  &amp#27;[32mAnd &amp#27;[0m&amp#27;[32mhago clic en enviar respuesta&amp#27;[0m                                                                  &amp#27;[90m# com.zerosmoke.stepdefinitions.AdminSteps.hagoClicEnEnviarRespuesta()&amp#27;[0m
22:06:13.617 [main] INFO  -- |-- Then en el panel de admin debería ver un mensaje de confirmación "Respuesta enviada correctamente"
  &amp#27;[32mThen &amp#27;[0m&amp#27;[32men el panel de admin debería ver un mensaje de confirmación &amp#27;[0m&amp#27;[32m&amp#27;[1m"Respuesta enviada correctamente"&amp#27;[0m &amp#27;[90m# com.zerosmoke.stepdefinitions.AdminSteps.enElPanelDeAdminDeberiaVerUnMensajeDeConfirmacion(java.lang.String)&amp#27;[0m
22:06:13.621 [main] INFO  -- |-- And el mensaje debería marcarse como respondido
  &amp#27;[32mAnd &amp#27;[0m&amp#27;[32mel mensaje debería marcarse como respondido&amp#27;[0m                                                    &amp#27;[90m# com.zerosmoke.stepdefinitions.AdminSteps.elMensajeDeberiaMarcarse_ComoRespondido()&amp#27;[0m
22:06:13.625 [main] INFO  -- |-- And debería enviarse un email a "maria.garcia@test.com"
  &amp#27;[32mAnd &amp#27;[0m&amp#27;[32mdebería enviarse un email a &amp#27;[0m&amp#27;[32m&amp#27;[1m"maria.garcia@test.com"&amp#27;[0m                                            &amp#27;[90m# com.zerosmoke.stepdefinitions.AdminSteps.deberiaEnviarseUnEmailA(java.lang.String)&amp#27;[0m
22:06:13.631 [main] INFO  -- |-- And el email debería contener la respuesta del administrador
  &amp#27;[32mAnd &amp#27;[0m&amp#27;[32mel email debería contener la respuesta del administrador&amp#27;[0m                                       &amp#27;[90m# com.zerosmoke.stepdefinitions.AdminSteps.elEmailDeberiaContenerLaRespuestaDelAdministrador()&amp#27;[0m
22:06:13.638 [main] INFO  -- 
  _____   ___   ___   _____     ___     _     ___   ___   ___   ___  
 |_   _| | __| / __| |_   _|   | _ \   /_\   / __| / __| | __| |   \ 
   | |   | _|  \__ \   | |     |  _/  / _ \  \__ \ \__ \ | _|  | |) |
   |_|   |___| |___/   |_|     |_|   /_/ \_\ |___/ |___/ |___| |___/ 

Responder mensaje de contacto exitosamente
----------------------------------------------------------------------
]]></system-out>
    <system-err><![CDATA[jun 11, 2025 10:05:50 P. M. org.openqa.selenium.devtools.CdpVersionFinder findNearestMatch
WARNING: Unable to find an exact match for CDP version 137, returning the closest version; found: 133; Please update to a Selenium version that supports CDP version 137
]]></system-err>
  </testcase>
  <testcase name="Intentar enviar respuesta vacía" classname="Respuesta de Administrador a Mensajes de Contacto" time="15.971">
    <system-out><![CDATA[
@funcionalidades_principales @admin @validacion
Scenario: Intentar enviar respuesta vacía                                              &amp#27;[90m# src/test/resources/features/04_admin_message_response.feature:34&amp#27;[0m
22:06:14.137 [main] DEBUG io.cucumber.core.plugin.SerenityReporter -- Running feature from file:///C:/Users/Daleska/OneDrive/Desktop/ZEROSMOKE_FASTAPI/cucumber-tests/src/test/resources/features/04_admin_message_response.feature
22:06:14.137 [main] INFO  -- 
  _____   ___   ___   _____     ___   _____     _     ___   _____   ___   ___  
 |_   _| | __| / __| |_   _|   / __| |_   _|   /_\   | _ \ |_   _| | __| |   \ 
   | |   | _|  \__ \   | |     \__ \   | |    / _ \  |   /   | |   | _|  | |) |
   |_|   |___| |___/   |_|     |___/   |_|   /_/ \_\ |_|_\   |_|   |___| |___/ 

Intentar enviar respuesta vacía(respuesta-de-administrador-a-mensajes-de-contacto;intentar-enviar-respuesta-vacía)
--------------------------------------------------------------------------------
22:06:14.139 [main] INFO  -- |-- Given que la aplicación ZeroSmoke está funcionando
22:06:14.278 [main] INFO net.serenitybdd.core.webdriver.driverproviders.ChromeDriverProvider -- Starting Chrome driver instance with capabilities:
22:06:14.279 [main] INFO net.serenitybdd.core.webdriver.driverproviders.ChromeDriverProvider -- Capabilities {acceptInsecureCerts: false, browserName: chrome, goog:chromeOptions: {args: [remote-allow-origins=*, --disable-extensions,--disa...], extensions: []}}
  &amp#27;[32mGiven &amp#27;[0m&amp#27;[32mque la aplicación ZeroSmoke está funcionando&amp#27;[0m                                   &amp#27;[90m# com.zerosmoke.stepdefinitions.CommonSteps.quelaAplicacionZeroSmokeEstaFuncionando()&amp#27;[0m
22:06:18.157 [main] INFO  -- |-- And existe un mensaje de contacto pendiente de respuesta:
| nombre | email | asunto | mensaje |
| María | maria.garcia@test.com | Consulta general | Necesito más información |
  &amp#27;[32mAnd &amp#27;[0m&amp#27;[32mexiste un mensaje de contacto pendiente de respuesta:&amp#27;[0m                            &amp#27;[90m# com.zerosmoke.stepdefinitions.AdminSteps.existeUnMensajeDeContactoPendienteDeRespuesta(io.cucumber.datatable.DataTable)&amp#27;[0m
    | nombre | email                 | asunto           | mensaje                  |
    | María  | maria.garcia@test.com | Consulta general | Necesito más información |
22:06:18.169 [main] INFO  -- |-- Given estoy en el panel de administración
  &amp#27;[32mGiven &amp#27;[0m&amp#27;[32mestoy en el panel de administración&amp#27;[0m                                            &amp#27;[90m# com.zerosmoke.stepdefinitions.AdminSteps.estoyEnElPanelDeAdministracion()&amp#27;[0m
22:06:19.430 [main] INFO  -- |-- When navego a la gestión de mensajes
  &amp#27;[32mWhen &amp#27;[0m&amp#27;[32mnavego a la gestión de mensajes&amp#27;[0m                                                 &amp#27;[90m# com.zerosmoke.stepdefinitions.AdminSteps.navegoALaGestionDeMensajes()&amp#27;[0m
22:06:19.528 [main] INFO  -- |-- And selecciono el mensaje de "María"
  &amp#27;[32mAnd &amp#27;[0m&amp#27;[32mselecciono el mensaje de &amp#27;[0m&amp#27;[32m&amp#27;[1m"María"&amp#27;[0m                                                 &amp#27;[90m# com.zerosmoke.stepdefinitions.AdminSteps.seleccionoElMensajeDe(java.lang.String)&amp#27;[0m
22:06:29.558 [main] INFO  -- |-- And dejo el campo de respuesta vacío
  &amp#27;[32mAnd &amp#27;[0m&amp#27;[32mdejo el campo de respuesta vacío&amp#27;[0m                                                 &amp#27;[90m# com.zerosmoke.stepdefinitions.AdminSteps.dejoElCampoDeRespuestaVacio()&amp#27;[0m
22:06:29.563 [main] INFO  -- |-- And hago clic en enviar respuesta
  &amp#27;[32mAnd &amp#27;[0m&amp#27;[32mhago clic en enviar respuesta&amp#27;[0m                                                    &amp#27;[90m# com.zerosmoke.stepdefinitions.AdminSteps.hagoClicEnEnviarRespuesta()&amp#27;[0m
22:06:29.625 [main] INFO  -- |-- Then en el admin debería ver un mensaje de error "La respuesta no puede estar vacía"
  &amp#27;[32mThen &amp#27;[0m&amp#27;[32men el admin debería ver un mensaje de error &amp#27;[0m&amp#27;[32m&amp#27;[1m"La respuesta no puede estar vacía"&amp#27;[0m &amp#27;[90m# com.zerosmoke.stepdefinitions.AdminSteps.enElAdminDeberiaVerUnMensajeDeError(java.lang.String)&amp#27;[0m
22:06:29.631 [main] INFO  -- |-- And el mensaje no debería marcarse como respondido
  &amp#27;[32mAnd &amp#27;[0m&amp#27;[32mel mensaje no debería marcarse como respondido&amp#27;[0m                                   &amp#27;[90m# com.zerosmoke.stepdefinitions.AdminSteps.elMensajeNoDeberiaMarcarse_ComoRespondido()&amp#27;[0m
22:06:29.636 [main] INFO  -- |-- And no debería enviarse ningún email
  &amp#27;[32mAnd &amp#27;[0m&amp#27;[32mno debería enviarse ningún email&amp#27;[0m                                                 &amp#27;[90m# com.zerosmoke.stepdefinitions.AdminSteps.noDeberiaEnviarseNingunEmail()&amp#27;[0m
22:06:29.642 [main] INFO  -- 
  _____   ___   ___   _____     ___     _     ___   ___   ___   ___  
 |_   _| | __| / __| |_   _|   | _ \   /_\   / __| / __| | __| |   \ 
   | |   | _|  \__ \   | |     |  _/  / _ \  \__ \ \__ \ | _|  | |) |
   |_|   |___| |___/   |_|     |_|   /_/ \_\ |___/ |___/ |___| |___/ 

Intentar enviar respuesta vacía
----------------------------------------------------------------------
]]></system-out>
    <system-err><![CDATA[jun 11, 2025 10:06:16 P. M. org.openqa.selenium.devtools.CdpVersionFinder findNearestMatch
WARNING: Unable to find an exact match for CDP version 137, returning the closest version; found: 133; Please update to a Selenium version that supports CDP version 137
]]></system-err>
  </testcase>
  <testcase name="Visualizar lista de mensajes de contacto" classname="Respuesta de Administrador a Mensajes de Contacto" time="5.67">
    <system-out><![CDATA[
@funcionalidades_principales @admin
Scenario: Visualizar lista de mensajes de contacto               &amp#27;[90m# src/test/resources/features/04_admin_message_response.feature:45&amp#27;[0m
22:06:30.100 [main] DEBUG io.cucumber.core.plugin.SerenityReporter -- Running feature from file:///C:/Users/Daleska/OneDrive/Desktop/ZEROSMOKE_FASTAPI/cucumber-tests/src/test/resources/features/04_admin_message_response.feature
22:06:30.100 [main] INFO  -- 
  _____   ___   ___   _____     ___   _____     _     ___   _____   ___   ___  
 |_   _| | __| / __| |_   _|   / __| |_   _|   /_\   | _ \ |_   _| | __| |   \ 
   | |   | _|  \__ \   | |     \__ \   | |    / _ \  |   /   | |   | _|  | |) |
   |_|   |___| |___/   |_|     |___/   |_|   /_/ \_\ |_|_\   |_|   |___| |___/ 

Visualizar lista de mensajes de contacto(respuesta-de-administrador-a-mensajes-de-contacto;visualizar-lista-de-mensajes-de-contacto)
--------------------------------------------------------------------------------
22:06:30.101 [main] INFO  -- |-- Given que la aplicación ZeroSmoke está funcionando
22:06:30.209 [main] INFO net.serenitybdd.core.webdriver.driverproviders.ChromeDriverProvider -- Starting Chrome driver instance with capabilities:
22:06:30.209 [main] INFO net.serenitybdd.core.webdriver.driverproviders.ChromeDriverProvider -- Capabilities {acceptInsecureCerts: false, browserName: chrome, goog:chromeOptions: {args: [remote-allow-origins=*, --disable-extensions,--disa...], extensions: []}}
  &amp#27;[32mGiven &amp#27;[0m&amp#27;[32mque la aplicación ZeroSmoke está funcionando&amp#27;[0m             &amp#27;[90m# com.zerosmoke.stepdefinitions.CommonSteps.quelaAplicacionZeroSmokeEstaFuncionando()&amp#27;[0m
22:06:34.059 [main] INFO  -- |-- And existe un mensaje de contacto pendiente de respuesta:
| nombre | email | asunto | mensaje |
| María | maria.garcia@test.com | Consulta general | Necesito más información |
  &amp#27;[32mAnd &amp#27;[0m&amp#27;[32mexiste un mensaje de contacto pendiente de respuesta:&amp#27;[0m      &amp#27;[90m# com.zerosmoke.stepdefinitions.AdminSteps.existeUnMensajeDeContactoPendienteDeRespuesta(io.cucumber.datatable.DataTable)&amp#27;[0m
    | nombre | email                 | asunto           | mensaje                  |
    | María  | maria.garcia@test.com | Consulta general | Necesito más información |
22:06:34.070 [main] INFO  -- |-- Given estoy en el panel de administración
  &amp#27;[32mGiven &amp#27;[0m&amp#27;[32mestoy en el panel de administración&amp#27;[0m                      &amp#27;[90m# com.zerosmoke.stepdefinitions.AdminSteps.estoyEnElPanelDeAdministracion()&amp#27;[0m
22:06:35.287 [main] INFO  -- |-- When navego a la gestión de mensajes
  &amp#27;[32mWhen &amp#27;[0m&amp#27;[32mnavego a la gestión de mensajes&amp#27;[0m                           &amp#27;[90m# com.zerosmoke.stepdefinitions.AdminSteps.navegoALaGestionDeMensajes()&amp#27;[0m
22:06:35.361 [main] INFO  -- |-- Then debería ver una lista de mensajes de contacto
  &amp#27;[32mThen &amp#27;[0m&amp#27;[32mdebería ver una lista de mensajes de contacto&amp#27;[0m             &amp#27;[90m# com.zerosmoke.stepdefinitions.AdminSteps.deberiaVerUnaListaDeMensajesDeContacto()&amp#27;[0m
22:06:35.365 [main] INFO  -- |-- And cada mensaje debería mostrar nombre, email, fecha y estado
  &amp#27;[32mAnd &amp#27;[0m&amp#27;[32mcada mensaje debería mostrar nombre, email, fecha y estado&amp#27;[0m &amp#27;[90m# com.zerosmoke.stepdefinitions.AdminSteps.cadaMensajeDeberiaMostrarNombreEmailFechaYEstado()&amp#27;[0m
22:06:35.369 [main] INFO  -- |-- And debería poder filtrar mensajes por estado (leído/no leído)
  &amp#27;[32mAnd &amp#27;[0m&amp#27;[32mdebería poder filtrar mensajes por estado (leído/no leído)&amp#27;[0m &amp#27;[90m# com.zerosmoke.stepdefinitions.AdminSteps.deberiaPoderFiltrarMensajesPorEstado()&amp#27;[0m
22:06:35.371 [main] INFO  -- |-- And debería poder buscar mensajes por nombre o email
  &amp#27;[32mAnd &amp#27;[0m&amp#27;[32mdebería poder buscar mensajes por nombre o email&amp#27;[0m           &amp#27;[90m# com.zerosmoke.stepdefinitions.AdminSteps.deberiaPoderBuscarMensajesPorNombreOEmail()&amp#27;[0m
22:06:35.375 [main] INFO  -- 
  _____   ___   ___   _____     ___     _     ___   ___   ___   ___  
 |_   _| | __| / __| |_   _|   | _ \   /_\   / __| / __| | __| |   \ 
   | |   | _|  \__ \   | |     |  _/  / _ \  \__ \ \__ \ | _|  | |) |
   |_|   |___| |___/   |_|     |_|   /_/ \_\ |___/ |___/ |___| |___/ 

Visualizar lista de mensajes de contacto
----------------------------------------------------------------------
]]></system-out>
    <system-err><![CDATA[jun 11, 2025 10:06:32 P. M. org.openqa.selenium.devtools.CdpVersionFinder findNearestMatch
WARNING: Unable to find an exact match for CDP version 137, returning the closest version; found: 133; Please update to a Selenium version that supports CDP version 137
]]></system-err>
  </testcase>
  <testcase name="Marcar mensaje como leído sin responder" classname="Respuesta de Administrador a Mensajes de Contacto" time="15.902">
    <system-out><![CDATA[
@funcionalidades_principales @admin
Scenario: Marcar mensaje como leído sin responder           &amp#27;[90m# src/test/resources/features/04_admin_message_response.feature:54&amp#27;[0m
22:06:35.771 [main] DEBUG io.cucumber.core.plugin.SerenityReporter -- Running feature from file:///C:/Users/Daleska/OneDrive/Desktop/ZEROSMOKE_FASTAPI/cucumber-tests/src/test/resources/features/04_admin_message_response.feature
22:06:35.771 [main] INFO  -- 
  _____   ___   ___   _____     ___   _____     _     ___   _____   ___   ___  
 |_   _| | __| / __| |_   _|   / __| |_   _|   /_\   | _ \ |_   _| | __| |   \ 
   | |   | _|  \__ \   | |     \__ \   | |    / _ \  |   /   | |   | _|  | |) |
   |_|   |___| |___/   |_|     |___/   |_|   /_/ \_\ |_|_\   |_|   |___| |___/ 

Marcar mensaje como leído sin responder(respuesta-de-administrador-a-mensajes-de-contacto;marcar-mensaje-como-leído-sin-responder)
--------------------------------------------------------------------------------
22:06:35.772 [main] INFO  -- |-- Given que la aplicación ZeroSmoke está funcionando
22:06:35.896 [main] INFO net.serenitybdd.core.webdriver.driverproviders.ChromeDriverProvider -- Starting Chrome driver instance with capabilities:
22:06:35.896 [main] INFO net.serenitybdd.core.webdriver.driverproviders.ChromeDriverProvider -- Capabilities {acceptInsecureCerts: false, browserName: chrome, goog:chromeOptions: {args: [remote-allow-origins=*, --disable-extensions,--disa...], extensions: []}}
  &amp#27;[32mGiven &amp#27;[0m&amp#27;[32mque la aplicación ZeroSmoke está funcionando&amp#27;[0m        &amp#27;[90m# com.zerosmoke.stepdefinitions.CommonSteps.quelaAplicacionZeroSmokeEstaFuncionando()&amp#27;[0m
22:06:39.844 [main] INFO  -- |-- And existe un mensaje de contacto pendiente de respuesta:
| nombre | email | asunto | mensaje |
| María | maria.garcia@test.com | Consulta general | Necesito más información |
  &amp#27;[32mAnd &amp#27;[0m&amp#27;[32mexiste un mensaje de contacto pendiente de respuesta:&amp#27;[0m &amp#27;[90m# com.zerosmoke.stepdefinitions.AdminSteps.existeUnMensajeDeContactoPendienteDeRespuesta(io.cucumber.datatable.DataTable)&amp#27;[0m
    | nombre | email                 | asunto           | mensaje                  |
    | María  | maria.garcia@test.com | Consulta general | Necesito más información |
22:06:39.852 [main] INFO  -- |-- Given estoy en el panel de administración
  &amp#27;[32mGiven &amp#27;[0m&amp#27;[32mestoy en el panel de administración&amp#27;[0m                 &amp#27;[90m# com.zerosmoke.stepdefinitions.AdminSteps.estoyEnElPanelDeAdministracion()&amp#27;[0m
22:06:40.917 [main] INFO  -- |-- When navego a la gestión de mensajes
  &amp#27;[32mWhen &amp#27;[0m&amp#27;[32mnavego a la gestión de mensajes&amp#27;[0m                      &amp#27;[90m# com.zerosmoke.stepdefinitions.AdminSteps.navegoALaGestionDeMensajes()&amp#27;[0m
22:06:40.983 [main] INFO  -- |-- And selecciono el mensaje de "María"
  &amp#27;[32mAnd &amp#27;[0m&amp#27;[32mselecciono el mensaje de &amp#27;[0m&amp#27;[32m&amp#27;[1m"María"&amp#27;[0m                      &amp#27;[90m# com.zerosmoke.stepdefinitions.AdminSteps.seleccionoElMensajeDe(java.lang.String)&amp#27;[0m
22:06:51.007 [main] INFO  -- |-- And hago clic en "Marcar como leído"
  &amp#27;[32mAnd &amp#27;[0m&amp#27;[32mhago clic en &amp#27;[0m&amp#27;[32m&amp#27;[1m"Marcar como leído"&amp#27;[0m                      &amp#27;[90m# com.zerosmoke.stepdefinitions.AdminSteps.hagoClicEn(java.lang.String)&amp#27;[0m
22:06:51.110 [main] INFO  -- |-- Then el mensaje debería marcarse como leído
  &amp#27;[32mThen &amp#27;[0m&amp#27;[32mel mensaje debería marcarse como leído&amp#27;[0m               &amp#27;[90m# com.zerosmoke.stepdefinitions.AdminSteps.elMensajeDeberiaMarcarse_ComoLeido()&amp#27;[0m
22:06:51.115 [main] INFO  -- |-- And debería aparecer en la lista de mensajes leídos
  &amp#27;[32mAnd &amp#27;[0m&amp#27;[32mdebería aparecer en la lista de mensajes leídos&amp#27;[0m       &amp#27;[90m# com.zerosmoke.stepdefinitions.AdminSteps.deberiaAparecerEnLaListaDeMensajesLeidos()&amp#27;[0m
22:06:51.118 [main] INFO  -- |-- And no debería enviarse ningún email automáticamente
  &amp#27;[32mAnd &amp#27;[0m&amp#27;[32mno debería enviarse ningún email automáticamente&amp#27;[0m      &amp#27;[90m# com.zerosmoke.stepdefinitions.AdminSteps.noDeberiaEnviarseNingunEmailAutomaticamente()&amp#27;[0m
22:06:51.123 [main] INFO  -- 
  _____   ___   ___   _____     ___     _     ___   ___   ___   ___  
 |_   _| | __| / __| |_   _|   | _ \   /_\   / __| / __| | __| |   \ 
   | |   | _|  \__ \   | |     |  _/  / _ \  \__ \ \__ \ | _|  | |) |
   |_|   |___| |___/   |_|     |_|   /_/ \_\ |___/ |___/ |___| |___/ 

Marcar mensaje como leído sin responder
----------------------------------------------------------------------
]]></system-out>
    <system-err><![CDATA[jun 11, 2025 10:06:38 P. M. org.openqa.selenium.devtools.CdpVersionFinder findNearestMatch
WARNING: Unable to find an exact match for CDP version 137, returning the closest version; found: 133; Please update to a Selenium version that supports CDP version 137
]]></system-err>
  </testcase>
</testsuite>