<?xml version="1.0" encoding="UTF-8"?>
<testsuite xmlns:xsi="http://www.w3.org/2001/XMLSchema-instance" xsi:noNamespaceSchemaLocation="https://maven.apache.org/surefire/maven-failsafe-plugin/xsd/failsafe-test-report-3.0.xsd" version="3.0" name="com.zerosmoke.runners.TestRunner" time="1406.614" tests="14" errors="0" skipped="0" failures="0">
  <properties>
[...]
</properties>
  <testcase name="Registro exitoso de usuario" classname="Registro de Usuario" time="151.141">
    <system-out><![CDATA[10:39:49.511 [main] DEBUG io.cucumber.core.plugin.SerenityReporter -- Running feature from file:///C:/Users/Daleska/OneDrive/Desktop/ZEROSMOKE_LIMPIO/cucumber-tests/src/test/resources/features/01_user_registration.feature
10:39:49.645 [main] INFO  -- 

-------------------------------------------------------------------------------------
     _______. _______ .______       _______ .__   __.  __  .___________.____    ____ 
    /       ||   ____||   _  \     |   ____||  \ |  | |  | |           |\   \  /   / 
   |   (----`|  |__   |  |_)  |    |  |__   |   \|  | |  | `---|  |----` \   \/   /  
    \   \    |   __|  |      /     |   __|  |  . `  | |  |     |  |       \_    _/   
.----)   |   |  |____ |  |\  \----.|  |____ |  |\   | |  |     |  |         |  |     
|_______/    |_______|| _| `._____||_______||__| \__| |__|     |__|         |__|    
                                                                                     
 News and tutorials at https://serenity-bdd.info                                     
 Documentation at https://serenity-bdd.github.io                                     
 Test Automation Training and Coaching: https://www.serenity-dojo.com                
 Commercial Support: https://www.serenity-dojo.com/serenity-bdd-enterprise-support   
 Join the Serenity Community on Gitter: https://gitter.im/serenity-bdd/serenity-core 
-------------------------------------------------------------------------------------

10:39:49.653 [main] DEBUG net.thucydides.core.steps.StepEventBus -- Test suite started for story net.thucydides.model.domain.Story@571f3de0
10:39:49.661 [main] INFO  -- Test Suite Started: Registro de Usuario
10:39:49.901 [main] DEBUG io.cucumber.core.plugin.SerenityReporter -- Running feature from file:///C:/Users/Daleska/OneDrive/Desktop/ZEROSMOKE_LIMPIO/cucumber-tests/src/test/resources/features/02_user_login.feature
10:39:49.907 [main] DEBUG net.thucydides.core.steps.StepEventBus -- Test suite started for story net.thucydides.model.domain.Story@a1fa8a40
10:39:49.909 [main] INFO  -- Test Suite Started: Inicio de Sesión de Usuario
10:39:49.913 [main] DEBUG io.cucumber.core.plugin.SerenityReporter -- Running feature from file:///C:/Users/Daleska/OneDrive/Desktop/ZEROSMOKE_LIMPIO/cucumber-tests/src/test/resources/features/03_contact_form.feature
10:39:49.920 [main] DEBUG net.thucydides.core.steps.StepEventBus -- Test suite started for story net.thucydides.model.domain.Story@e2f6c7e0
10:39:49.921 [main] INFO  -- Test Suite Started: Formulario de Contacto
10:39:49.927 [main] DEBUG io.cucumber.core.plugin.SerenityReporter -- Running feature from file:///C:/Users/Daleska/OneDrive/Desktop/ZEROSMOKE_LIMPIO/cucumber-tests/src/test/resources/features/04_admin_message_response.feature
10:39:49.933 [main] DEBUG net.thucydides.core.steps.StepEventBus -- Test suite started for story net.thucydides.model.domain.Story@a9272080
10:39:49.933 [main] INFO  -- Test Suite Started: Respuesta de Administrador a Mensajes de Contacto
10:39:49.940 [main] DEBUG io.cucumber.core.plugin.SerenityReporter -- Running feature from file:///C:/Users/Daleska/OneDrive/Desktop/ZEROSMOKE_LIMPIO/cucumber-tests/src/test/resources/features/01_user_registration.feature
10:39:49.942 [main] DEBUG net.thucydides.core.steps.StepEventBus -- Test suite started for story net.thucydides.model.domain.Story@571f3de0
10:39:49.943 [main] INFO  -- Test Suite Started: Registro de Usuario

@funcionalidades_principales @smoke @registro
Scenario: Registro exitoso de usuario                        &amp#27;[90m# src/test/resources/features/01_user_registration.feature:12&amp#27;[0m
10:39:50.157 [main] DEBUG io.cucumber.core.plugin.SerenityReporter -- Running feature from file:///C:/Users/Daleska/OneDrive/Desktop/ZEROSMOKE_LIMPIO/cucumber-tests/src/test/resources/features/01_user_registration.feature
10:39:50.430 [main] INFO  -- 
  _____   ___   ___   _____     ___   _____     _     ___   _____   ___   ___  
 |_   _| | __| / __| |_   _|   / __| |_   _|   /_\   | _ \ |_   _| | __| |   \ 
   | |   | _|  \__ \   | |     \__ \   | |    / _ \  |   /   | |   | _|  | |) |
   |_|   |___| |___/   |_|     |___/   |_|   /_/ \_\ |_|_\   |_|   |___| |___/ 

Registro exitoso de usuario(registro-de-usuario;registro-exitoso-de-usuario)
--------------------------------------------------------------------------------
10:39:50.507 [main] INFO  -- |-- Given que la aplicación ZeroSmoke está funcionando
10:39:52.087 [main] INFO net.serenitybdd.core.webdriver.driverproviders.ChromeDriverProvider -- Starting Chrome driver instance with capabilities:
10:39:52.090 [main] INFO net.serenitybdd.core.webdriver.driverproviders.ChromeDriverProvider -- Capabilities {acceptInsecureCerts: false, browserName: chrome, goog:chromeOptions: {args: [remote-allow-origins=*, --disable-extensions,--disa...], extensions: []}}
  &amp#27;[32mGiven &amp#27;[0m&amp#27;[32mque la aplicación ZeroSmoke está funcionando&amp#27;[0m         &amp#27;[90m# com.zerosmoke.stepdefinitions.CommonSteps.quelaAplicacionZeroSmokeEstaFuncionando()&amp#27;[0m
10:40:03.170 [main] INFO  -- |-- And estoy en la página principal
  &amp#27;[32mAnd &amp#27;[0m&amp#27;[32mestoy en la página principal&amp#27;[0m                           &amp#27;[90m# com.zerosmoke.stepdefinitions.CommonSteps.estoyEnLaPaginaPrincipal()&amp#27;[0m
10:40:03.341 [main] INFO  -- |-- Given navego a la página de registro
  &amp#27;[32mGiven &amp#27;[0m&amp#27;[32mnavego a la página de registro&amp#27;[0m                       &amp#27;[90m# com.zerosmoke.stepdefinitions.RegistrationSteps.navegoALaPaginaDeRegistro()&amp#27;[0m
10:42:09.016 [main] INFO  -- |-- When completo el formulario de registro con datos válidos:
| campo | valor |
| nombre | Juan Pérez |
| email | juan.perez@test.com |
| contraseña | MiPassword123! |
| confirmar_password | MiPassword123! |
  &amp#27;[32mWhen &amp#27;[0m&amp#27;[32mcompleto el formulario de registro con datos válidos:&amp#27;[0m &amp#27;[90m# com.zerosmoke.stepdefinitions.RegistrationSteps.completoElFormularioDeRegistroConDatosValidos(io.cucumber.datatable.DataTable)&amp#27;[0m
    | campo              | valor               |
    | nombre             | Juan Pérez          |
    | email              | juan.perez@test.com |
    | contraseña         | MiPassword123!      |
    | confirmar_password | MiPassword123!      |
10:42:09.252 [main] INFO  -- |-- And acepto los términos y condiciones
  &amp#27;[32mAnd &amp#27;[0m&amp#27;[32macepto los términos y condiciones&amp#27;[0m                      &amp#27;[90m# com.zerosmoke.stepdefinitions.RegistrationSteps.aceptoLosTerminosYCondiciones()&amp#27;[0m
10:42:19.333 [main] INFO  -- |-- And hago clic en el botón registrar
  &amp#27;[32mAnd &amp#27;[0m&amp#27;[32mhago clic en el botón registrar&amp#27;[0m                        &amp#27;[90m# com.zerosmoke.stepdefinitions.RegistrationSteps.hagoClicEnElBotonRegistrar()&amp#27;[0m
10:42:19.640 [main] INFO  -- |-- Then debería ver un mensaje de registro exitoso
  &amp#27;[32mThen &amp#27;[0m&amp#27;[32mdebería ver un mensaje de registro exitoso&amp#27;[0m            &amp#27;[90m# com.zerosmoke.stepdefinitions.RegistrationSteps.deberiaVerUnMensajeDeRegistroExitoso()&amp#27;[0m
10:42:19.647 [main] INFO  -- |-- And debería ser redirigido a la página de login
  &amp#27;[32mAnd &amp#27;[0m&amp#27;[32mdebería ser redirigido a la página de login&amp#27;[0m            &amp#27;[90m# com.zerosmoke.stepdefinitions.RegistrationSteps.deberiaSerRedirigidoALaPaginaDeLogin()&amp#27;[0m
10:42:20.674 [main] INFO  -- 
  _____   ___   ___   _____     ___     _     ___   ___   ___   ___  
 |_   _| | __| / __| |_   _|   | _ \   /_\   / __| / __| | __| |   \ 
   | |   | _|  \__ \   | |     |  _/  / _ \  \__ \ \__ \ | _|  | |) |
   |_|   |___| |___/   |_|     |_|   /_/ \_\ |___/ |___/ |___| |___/ 

Registro exitoso de usuario
----------------------------------------------------------------------
]]></system-out>
    <system-err><![CDATA[jun 25, 2025 10:40:01 A. M. org.openqa.selenium.devtools.CdpVersionFinder findNearestMatch
WARNING: Unable to find an exact match for CDP version 137, returning the closest version; found: 133; Please update to a Selenium version that supports CDP version 137
]]></system-err>
  </testcase>
  <testcase name="Registro con email inválido" classname="Registro de Usuario" time="130.385">
    <system-out><![CDATA[
@funcionalidades_principales @registro @validacion
Scenario: Registro con email inválido                                                        &amp#27;[90m# src/test/resources/features/01_user_registration.feature:26&amp#27;[0m
10:42:21.112 [main] DEBUG io.cucumber.core.plugin.SerenityReporter -- Running feature from file:///C:/Users/Daleska/OneDrive/Desktop/ZEROSMOKE_LIMPIO/cucumber-tests/src/test/resources/features/01_user_registration.feature
10:42:21.113 [main] INFO  -- 
  _____   ___   ___   _____     ___   _____     _     ___   _____   ___   ___  
 |_   _| | __| / __| |_   _|   / __| |_   _|   /_\   | _ \ |_   _| | __| |   \ 
   | |   | _|  \__ \   | |     \__ \   | |    / _ \  |   /   | |   | _|  | |) |
   |_|   |___| |___/   |_|     |___/   |_|   /_/ \_\ |_|_\   |_|   |___| |___/ 

Registro con email inválido(registro-de-usuario;registro-con-email-inválido)
--------------------------------------------------------------------------------
10:42:21.115 [main] INFO  -- |-- Given que la aplicación ZeroSmoke está funcionando
10:42:21.236 [main] INFO net.serenitybdd.core.webdriver.driverproviders.ChromeDriverProvider -- Starting Chrome driver instance with capabilities:
10:42:21.237 [main] INFO net.serenitybdd.core.webdriver.driverproviders.ChromeDriverProvider -- Capabilities {acceptInsecureCerts: false, browserName: chrome, goog:chromeOptions: {args: [remote-allow-origins=*, --disable-extensions,--disa...], extensions: []}}
  &amp#27;[32mGiven &amp#27;[0m&amp#27;[32mque la aplicación ZeroSmoke está funcionando&amp#27;[0m                                         &amp#27;[90m# com.zerosmoke.stepdefinitions.CommonSteps.quelaAplicacionZeroSmokeEstaFuncionando()&amp#27;[0m
10:42:25.231 [main] INFO  -- |-- And estoy en la página principal
  &amp#27;[32mAnd &amp#27;[0m&amp#27;[32mestoy en la página principal&amp#27;[0m                                                           &amp#27;[90m# com.zerosmoke.stepdefinitions.CommonSteps.estoyEnLaPaginaPrincipal()&amp#27;[0m
10:42:25.321 [main] INFO  -- |-- Given navego a la página de registro
  &amp#27;[32mGiven &amp#27;[0m&amp#27;[32mnavego a la página de registro&amp#27;[0m                                                       &amp#27;[90m# com.zerosmoke.stepdefinitions.RegistrationSteps.navegoALaPaginaDeRegistro()&amp#27;[0m
10:44:29.910 [main] INFO  -- |-- When completo el formulario de registro con:
| campo | valor |
| nombre | Juan Pérez |
| email | email-invalido |
| contraseña | MiPassword123! |
| confirmar_password | MiPassword123! |
  &amp#27;[32mWhen &amp#27;[0m&amp#27;[32mcompleto el formulario de registro con:&amp#27;[0m                                               &amp#27;[90m# com.zerosmoke.stepdefinitions.RegistrationSteps.completoElFormularioDeRegistroCon(io.cucumber.datatable.DataTable)&amp#27;[0m
    | campo              | valor          |
    | nombre             | Juan Pérez     |
    | email              | email-invalido |
    | contraseña         | MiPassword123! |
    | confirmar_password | MiPassword123! |
10:44:30.769 [main] INFO  -- |-- And hago clic en el botón registrar
  &amp#27;[32mAnd &amp#27;[0m&amp#27;[32mhago clic en el botón registrar&amp#27;[0m                                                        &amp#27;[90m# com.zerosmoke.stepdefinitions.RegistrationSteps.hagoClicEnElBotonRegistrar()&amp#27;[0m
10:44:31.148 [main] INFO  -- |-- Then en el registro debería ver un mensaje de error "Por favor, introduce un email válido"
  &amp#27;[32mThen &amp#27;[0m&amp#27;[32men el registro debería ver un mensaje de error &amp#27;[0m&amp#27;[32m&amp#27;[1m"Por favor, introduce un email válido"&amp#27;[0m &amp#27;[90m# com.zerosmoke.stepdefinitions.RegistrationSteps.enElRegistroDeberiaVerUnMensajeDeError(java.lang.String)&amp#27;[0m
10:44:31.154 [main] INFO  -- |-- And debería permanecer en la página de registro
  &amp#27;[32mAnd &amp#27;[0m&amp#27;[32mdebería permanecer en la página de registro&amp#27;[0m                                            &amp#27;[90m# com.zerosmoke.stepdefinitions.RegistrationSteps.deberiaPermanecerenLaPaginaDeRegistro()&amp#27;[0m
10:44:31.173 [main] INFO  -- 
  _____   ___   ___   _____     ___     _     ___   ___   ___   ___  
 |_   _| | __| / __| |_   _|   | _ \   /_\   / __| / __| | __| |   \ 
   | |   | _|  \__ \   | |     |  _/  / _ \  \__ \ \__ \ | _|  | |) |
   |_|   |___| |___/   |_|     |_|   /_/ \_\ |___/ |___/ |___| |___/ 

Registro con email inválido
----------------------------------------------------------------------
]]></system-out>
    <system-err><![CDATA[jun 25, 2025 10:42:23 A. M. org.openqa.selenium.devtools.CdpVersionFinder findNearestMatch
WARNING: Unable to find an exact match for CDP version 137, returning the closest version; found: 133; Please update to a Selenium version that supports CDP version 137
]]></system-err>
  </testcase>
  <testcase name="Registro con contraseñas que no coinciden" classname="Registro de Usuario" time="130.759">
    <system-out><![CDATA[
@funcionalidades_principales @registro @validacion
Scenario: Registro con contraseñas que no coinciden                                  &amp#27;[90m# src/test/resources/features/01_user_registration.feature:39&amp#27;[0m
10:44:31.503 [main] DEBUG io.cucumber.core.plugin.SerenityReporter -- Running feature from file:///C:/Users/Daleska/OneDrive/Desktop/ZEROSMOKE_LIMPIO/cucumber-tests/src/test/resources/features/01_user_registration.feature
10:44:31.503 [main] INFO  -- 
  _____   ___   ___   _____     ___   _____     _     ___   _____   ___   ___  
 |_   _| | __| / __| |_   _|   / __| |_   _|   /_\   | _ \ |_   _| | __| |   \ 
   | |   | _|  \__ \   | |     \__ \   | |    / _ \  |   /   | |   | _|  | |) |
   |_|   |___| |___/   |_|     |___/   |_|   /_/ \_\ |_|_\   |_|   |___| |___/ 

Registro con contraseñas que no coinciden(registro-de-usuario;registro-con-contraseñas-que-no-coinciden)
--------------------------------------------------------------------------------
10:44:31.505 [main] INFO  -- |-- Given que la aplicación ZeroSmoke está funcionando
10:44:31.637 [main] INFO net.serenitybdd.core.webdriver.driverproviders.ChromeDriverProvider -- Starting Chrome driver instance with capabilities:
10:44:31.638 [main] INFO net.serenitybdd.core.webdriver.driverproviders.ChromeDriverProvider -- Capabilities {acceptInsecureCerts: false, browserName: chrome, goog:chromeOptions: {args: [remote-allow-origins=*, --disable-extensions,--disa...], extensions: []}}
  &amp#27;[32mGiven &amp#27;[0m&amp#27;[32mque la aplicación ZeroSmoke está funcionando&amp#27;[0m                                 &amp#27;[90m# com.zerosmoke.stepdefinitions.CommonSteps.quelaAplicacionZeroSmokeEstaFuncionando()&amp#27;[0m
10:44:36.195 [main] INFO  -- |-- And estoy en la página principal
  &amp#27;[32mAnd &amp#27;[0m&amp#27;[32mestoy en la página principal&amp#27;[0m                                                   &amp#27;[90m# com.zerosmoke.stepdefinitions.CommonSteps.estoyEnLaPaginaPrincipal()&amp#27;[0m
10:44:36.390 [main] INFO  -- |-- Given navego a la página de registro
  &amp#27;[32mGiven &amp#27;[0m&amp#27;[32mnavego a la página de registro&amp#27;[0m                                               &amp#27;[90m# com.zerosmoke.stepdefinitions.RegistrationSteps.navegoALaPaginaDeRegistro()&amp#27;[0m
10:46:41.401 [main] INFO  -- |-- When completo el formulario de registro con:
| campo | valor |
| nombre | Juan Pérez |
| email | juan.perez@test.com |
| contraseña | MiPassword123! |
| confirmar_password | OtraPassword456! |
  &amp#27;[32mWhen &amp#27;[0m&amp#27;[32mcompleto el formulario de registro con:&amp#27;[0m                                       &amp#27;[90m# com.zerosmoke.stepdefinitions.RegistrationSteps.completoElFormularioDeRegistroCon(io.cucumber.datatable.DataTable)&amp#27;[0m
    | campo              | valor               |
    | nombre             | Juan Pérez          |
    | email              | juan.perez@test.com |
    | contraseña         | MiPassword123!      |
    | confirmar_password | OtraPassword456!    |
10:46:41.661 [main] INFO  -- |-- And hago clic en el botón registrar
  &amp#27;[32mAnd &amp#27;[0m&amp#27;[32mhago clic en el botón registrar&amp#27;[0m                                                &amp#27;[90m# com.zerosmoke.stepdefinitions.RegistrationSteps.hagoClicEnElBotonRegistrar()&amp#27;[0m
10:46:41.941 [main] INFO  -- |-- Then en el registro debería ver un mensaje de error "Las contraseñas no coinciden"
  &amp#27;[32mThen &amp#27;[0m&amp#27;[32men el registro debería ver un mensaje de error &amp#27;[0m&amp#27;[32m&amp#27;[1m"Las contraseñas no coinciden"&amp#27;[0m &amp#27;[90m# com.zerosmoke.stepdefinitions.RegistrationSteps.enElRegistroDeberiaVerUnMensajeDeError(java.lang.String)&amp#27;[0m
10:46:41.944 [main] INFO  -- |-- And debería permanecer en la página de registro
  &amp#27;[32mAnd &amp#27;[0m&amp#27;[32mdebería permanecer en la página de registro&amp#27;[0m                                    &amp#27;[90m# com.zerosmoke.stepdefinitions.RegistrationSteps.deberiaPermanecerenLaPaginaDeRegistro()&amp#27;[0m
10:46:41.963 [main] INFO  -- 
  _____   ___   ___   _____     ___     _     ___   ___   ___   ___  
 |_   _| | __| / __| |_   _|   | _ \   /_\   / __| / __| | __| |   \ 
   | |   | _|  \__ \   | |     |  _/  / _ \  \__ \ \__ \ | _|  | |) |
   |_|   |___| |___/   |_|     |_|   /_/ \_\ |___/ |___/ |___| |___/ 

Registro con contraseñas que no coinciden
----------------------------------------------------------------------
]]></system-out>
    <system-err><![CDATA[jun 25, 2025 10:44:34 A. M. org.openqa.selenium.devtools.CdpVersionFinder findNearestMatch
WARNING: Unable to find an exact match for CDP version 137, returning the closest version; found: 133; Please update to a Selenium version that supports CDP version 137
]]></system-err>
  </testcase>
  <testcase name="Login exitoso con credenciales válidas" classname="Inicio de Sesión de Usuario" time="130.258">
    <system-out><![CDATA[10:46:42.256 [main] DEBUG io.cucumber.core.plugin.SerenityReporter -- Running feature from file:///C:/Users/Daleska/OneDrive/Desktop/ZEROSMOKE_LIMPIO/cucumber-tests/src/test/resources/features/02_user_login.feature
10:46:42.259 [main] DEBUG net.thucydides.core.steps.StepEventBus -- Test suite started for story net.thucydides.model.domain.Story@a1fa8a40
10:46:42.260 [main] INFO  -- Test Suite Started: Inicio de Sesión de Usuario

@funcionalidades_principales @smoke @login
Scenario: Login exitoso con credenciales válidas     &amp#27;[90m# src/test/resources/features/02_user_login.feature:12&amp#27;[0m
10:46:42.269 [main] DEBUG io.cucumber.core.plugin.SerenityReporter -- Running feature from file:///C:/Users/Daleska/OneDrive/Desktop/ZEROSMOKE_LIMPIO/cucumber-tests/src/test/resources/features/02_user_login.feature
10:46:42.270 [main] INFO  -- 
  _____   ___   ___   _____     ___   _____     _     ___   _____   ___   ___  
 |_   _| | __| / __| |_   _|   / __| |_   _|   /_\   | _ \ |_   _| | __| |   \ 
   | |   | _|  \__ \   | |     \__ \   | |    / _ \  |   /   | |   | _|  | |) |
   |_|   |___| |___/   |_|     |___/   |_|   /_/ \_\ |_|_\   |_|   |___| |___/ 

Login exitoso con credenciales válidas(inicio-de-sesión-de-usuario;login-exitoso-con-credenciales-válidas)
--------------------------------------------------------------------------------
10:46:42.272 [main] INFO  -- |-- Given que la aplicación ZeroSmoke está funcionando
10:46:42.391 [main] INFO net.serenitybdd.core.webdriver.driverproviders.ChromeDriverProvider -- Starting Chrome driver instance with capabilities:
10:46:42.392 [main] INFO net.serenitybdd.core.webdriver.driverproviders.ChromeDriverProvider -- Capabilities {acceptInsecureCerts: false, browserName: chrome, goog:chromeOptions: {args: [remote-allow-origins=*, --disable-extensions,--disa...], extensions: []}}
  &amp#27;[32mGiven &amp#27;[0m&amp#27;[32mque la aplicación ZeroSmoke está funcionando&amp#27;[0m &amp#27;[90m# com.zerosmoke.stepdefinitions.CommonSteps.quelaAplicacionZeroSmokeEstaFuncionando()&amp#27;[0m
10:46:46.575 [main] INFO  -- |-- And estoy en la página principal
  &amp#27;[32mAnd &amp#27;[0m&amp#27;[32mestoy en la página principal&amp#27;[0m                   &amp#27;[90m# com.zerosmoke.stepdefinitions.CommonSteps.estoyEnLaPaginaPrincipal()&amp#27;[0m
10:46:46.661 [main] INFO  -- |-- Given navego a la página de login
  &amp#27;[32mGiven &amp#27;[0m&amp#27;[32mnavego a la página de login&amp#27;[0m                  &amp#27;[90m# com.zerosmoke.stepdefinitions.LoginSteps.navegoALaPaginaDeLogin()&amp#27;[0m
10:48:51.693 [main] INFO  -- |-- When ingreso las credenciales:
| email | usuario@test.com |
| contraseña | password123 |
  &amp#27;[32mWhen &amp#27;[0m&amp#27;[32mingreso las credenciales:&amp#27;[0m                     &amp#27;[90m# com.zerosmoke.stepdefinitions.LoginSteps.ingresoLasCredenciales(io.cucumber.datatable.DataTable)&amp#27;[0m
    | email      | usuario@test.com |
    | contraseña | password123      |
10:48:51.818 [main] INFO  -- |-- And hago clic en iniciar sesión
  &amp#27;[32mAnd &amp#27;[0m&amp#27;[32mhago clic en iniciar sesión&amp#27;[0m                    &amp#27;[90m# com.zerosmoke.stepdefinitions.LoginSteps.hagoClicEnIniciarSesion()&amp#27;[0m
10:48:52.132 [main] INFO  -- |-- Then debería ser redirigido al dashboard
  &amp#27;[32mThen &amp#27;[0m&amp#27;[32mdebería ser redirigido al dashboard&amp#27;[0m           &amp#27;[90m# com.zerosmoke.stepdefinitions.LoginSteps.deberiaSerRedirigidoAlDashboard()&amp#27;[0m
10:48:52.138 [main] INFO  -- |-- And debería ver el menú de usuario
  &amp#27;[32mAnd &amp#27;[0m&amp#27;[32mdebería ver el menú de usuario&amp#27;[0m                 &amp#27;[90m# com.zerosmoke.stepdefinitions.LoginSteps.deberiaVerElMenuDeUsuario()&amp#27;[0m
10:48:52.143 [main] INFO  -- 
  _____   ___   ___   _____     ___     _     ___   ___   ___   ___  
 |_   _| | __| / __| |_   _|   | _ \   /_\   / __| / __| | __| |   \ 
   | |   | _|  \__ \   | |     |  _/  / _ \  \__ \ \__ \ | _|  | |) |
   |_|   |___| |___/   |_|     |_|   /_/ \_\ |___/ |___/ |___| |___/ 

Login exitoso con credenciales válidas
----------------------------------------------------------------------
]]></system-out>
    <system-err><![CDATA[jun 25, 2025 10:46:45 A. M. org.openqa.selenium.devtools.CdpVersionFinder findNearestMatch
WARNING: Unable to find an exact match for CDP version 137, returning the closest version; found: 133; Please update to a Selenium version that supports CDP version 137
]]></system-err>
  </testcase>
  <testcase name="Login con credenciales inválidas" classname="Inicio de Sesión de Usuario" time="135.971">
    <system-out><![CDATA[
@funcionalidades_principales @login @validacion
Scenario: Login con credenciales inválidas                                  &amp#27;[90m# src/test/resources/features/02_user_login.feature:22&amp#27;[0m
10:48:52.540 [main] DEBUG io.cucumber.core.plugin.SerenityReporter -- Running feature from file:///C:/Users/Daleska/OneDrive/Desktop/ZEROSMOKE_LIMPIO/cucumber-tests/src/test/resources/features/02_user_login.feature
10:48:52.541 [main] INFO  -- 
  _____   ___   ___   _____     ___   _____     _     ___   _____   ___   ___  
 |_   _| | __| / __| |_   _|   / __| |_   _|   /_\   | _ \ |_   _| | __| |   \ 
   | |   | _|  \__ \   | |     \__ \   | |    / _ \  |   /   | |   | _|  | |) |
   |_|   |___| |___/   |_|     |___/   |_|   /_/ \_\ |_|_\   |_|   |___| |___/ 

Login con credenciales inválidas(inicio-de-sesión-de-usuario;login-con-credenciales-inválidas)
--------------------------------------------------------------------------------
10:48:52.542 [main] INFO  -- |-- Given que la aplicación ZeroSmoke está funcionando
10:48:52.661 [main] INFO net.serenitybdd.core.webdriver.driverproviders.ChromeDriverProvider -- Starting Chrome driver instance with capabilities:
10:48:52.661 [main] INFO net.serenitybdd.core.webdriver.driverproviders.ChromeDriverProvider -- Capabilities {acceptInsecureCerts: false, browserName: chrome, goog:chromeOptions: {args: [remote-allow-origins=*, --disable-extensions,--disa...], extensions: []}}
  &amp#27;[32mGiven &amp#27;[0m&amp#27;[32mque la aplicación ZeroSmoke está funcionando&amp#27;[0m                        &amp#27;[90m# com.zerosmoke.stepdefinitions.CommonSteps.quelaAplicacionZeroSmokeEstaFuncionando()&amp#27;[0m
10:48:56.529 [main] INFO  -- |-- And estoy en la página principal
  &amp#27;[32mAnd &amp#27;[0m&amp#27;[32mestoy en la página principal&amp#27;[0m                                          &amp#27;[90m# com.zerosmoke.stepdefinitions.CommonSteps.estoyEnLaPaginaPrincipal()&amp#27;[0m
10:48:56.624 [main] INFO  -- |-- Given navego a la página de login
  &amp#27;[32mGiven &amp#27;[0m&amp#27;[32mnavego a la página de login&amp#27;[0m                                         &amp#27;[90m# com.zerosmoke.stepdefinitions.LoginSteps.navegoALaPaginaDeLogin()&amp#27;[0m
10:51:05.065 [main] INFO  -- |-- When ingreso credenciales inválidas:
| email | usuario@inexistente.com |
| contraseña | passwordIncorrecto |
  &amp#27;[32mWhen &amp#27;[0m&amp#27;[32mingreso credenciales inválidas:&amp#27;[0m                                      &amp#27;[90m# com.zerosmoke.stepdefinitions.LoginSteps.ingresoCredencialesInvalidas(io.cucumber.datatable.DataTable)&amp#27;[0m
    | email      | usuario@inexistente.com |
    | contraseña | passwordIncorrecto      |
10:51:05.717 [main] INFO  -- |-- And hago clic en iniciar sesión
  &amp#27;[32mAnd &amp#27;[0m&amp#27;[32mhago clic en iniciar sesión&amp#27;[0m                                           &amp#27;[90m# com.zerosmoke.stepdefinitions.LoginSteps.hagoClicEnIniciarSesion()&amp#27;[0m
10:51:06.540 [main] INFO  -- |-- Then en el login debería ver un mensaje de error "Credenciales inválidas"
  &amp#27;[32mThen &amp#27;[0m&amp#27;[32men el login debería ver un mensaje de error &amp#27;[0m&amp#27;[32m&amp#27;[1m"Credenciales inválidas"&amp#27;[0m &amp#27;[90m# com.zerosmoke.stepdefinitions.LoginSteps.enElLoginDeberiaVerUnMensajeDeError(java.lang.String)&amp#27;[0m
10:51:06.558 [main] INFO  -- |-- And debería permanecer en la página de login
  &amp#27;[32mAnd &amp#27;[0m&amp#27;[32mdebería permanecer en la página de login&amp#27;[0m                              &amp#27;[90m# com.zerosmoke.stepdefinitions.LoginSteps.deberiaPermanecerenLaPaginaDeLogin()&amp#27;[0m
10:51:06.617 [main] INFO  -- 
  _____   ___   ___   _____     ___     _     ___   ___   ___   ___  
 |_   _| | __| / __| |_   _|   | _ \   /_\   / __| / __| | __| |   \ 
   | |   | _|  \__ \   | |     |  _/  / _ \  \__ \ \__ \ | _|  | |) |
   |_|   |___| |___/   |_|     |_|   /_/ \_\ |___/ |___/ |___| |___/ 

Login con credenciales inválidas
----------------------------------------------------------------------
]]></system-out>
    <system-err><![CDATA[jun 25, 2025 10:48:55 A. M. org.openqa.selenium.devtools.CdpVersionFinder findNearestMatch
WARNING: Unable to find an exact match for CDP version 137, returning the closest version; found: 133; Please update to a Selenium version that supports CDP version 137
]]></system-err>
  </testcase>
  <testcase name="Login sin completar campos" classname="Inicio de Sesión de Usuario" time="130.969">
    <system-out><![CDATA[
@funcionalidades_principales @login @validacion
Scenario: Login sin completar campos                                                     &amp#27;[90m# src/test/resources/features/02_user_login.feature:32&amp#27;[0m
10:51:08.560 [main] DEBUG io.cucumber.core.plugin.SerenityReporter -- Running feature from file:///C:/Users/Daleska/OneDrive/Desktop/ZEROSMOKE_LIMPIO/cucumber-tests/src/test/resources/features/02_user_login.feature
10:51:08.563 [main] INFO  -- 
  _____   ___   ___   _____     ___   _____     _     ___   _____   ___   ___  
 |_   _| | __| / __| |_   _|   / __| |_   _|   /_\   | _ \ |_   _| | __| |   \ 
   | |   | _|  \__ \   | |     \__ \   | |    / _ \  |   /   | |   | _|  | |) |
   |_|   |___| |___/   |_|     |___/   |_|   /_/ \_\ |_|_\   |_|   |___| |___/ 

Login sin completar campos(inicio-de-sesión-de-usuario;login-sin-completar-campos)
--------------------------------------------------------------------------------
10:51:08.592 [main] INFO  -- |-- Given que la aplicación ZeroSmoke está funcionando
10:51:08.820 [main] INFO net.serenitybdd.core.webdriver.driverproviders.ChromeDriverProvider -- Starting Chrome driver instance with capabilities:
10:51:08.821 [main] INFO net.serenitybdd.core.webdriver.driverproviders.ChromeDriverProvider -- Capabilities {acceptInsecureCerts: false, browserName: chrome, goog:chromeOptions: {args: [remote-allow-origins=*, --disable-extensions,--disa...], extensions: []}}
  &amp#27;[32mGiven &amp#27;[0m&amp#27;[32mque la aplicación ZeroSmoke está funcionando&amp#27;[0m                                     &amp#27;[90m# com.zerosmoke.stepdefinitions.CommonSteps.quelaAplicacionZeroSmokeEstaFuncionando()&amp#27;[0m
10:51:13.879 [main] INFO  -- |-- And estoy en la página principal
  &amp#27;[32mAnd &amp#27;[0m&amp#27;[32mestoy en la página principal&amp#27;[0m                                                       &amp#27;[90m# com.zerosmoke.stepdefinitions.CommonSteps.estoyEnLaPaginaPrincipal()&amp#27;[0m
10:51:14.046 [main] INFO  -- |-- Given navego a la página de login
  &amp#27;[32mGiven &amp#27;[0m&amp#27;[32mnavego a la página de login&amp#27;[0m                                                      &amp#27;[90m# com.zerosmoke.stepdefinitions.LoginSteps.navegoALaPaginaDeLogin()&amp#27;[0m
10:53:18.771 [main] INFO  -- |-- When intento hacer login sin credenciales
  &amp#27;[32mWhen &amp#27;[0m&amp#27;[32mintento hacer login sin credenciales&amp#27;[0m                                              &amp#27;[90m# com.zerosmoke.stepdefinitions.LoginSteps.intentoHacerLoginSinCredenciales()&amp#27;[0m
10:53:19.043 [main] INFO  -- |-- Then en el login debería ver un mensaje de error "Por favor complete todos los campos"
  &amp#27;[32mThen &amp#27;[0m&amp#27;[32men el login debería ver un mensaje de error &amp#27;[0m&amp#27;[32m&amp#27;[1m"Por favor complete todos los campos"&amp#27;[0m &amp#27;[90m# com.zerosmoke.stepdefinitions.LoginSteps.enElLoginDeberiaVerUnMensajeDeError(java.lang.String)&amp#27;[0m
10:53:19.052 [main] INFO  -- |-- And debería permanecer en la página de login
  &amp#27;[32mAnd &amp#27;[0m&amp#27;[32mdebería permanecer en la página de login&amp#27;[0m                                           &amp#27;[90m# com.zerosmoke.stepdefinitions.LoginSteps.deberiaPermanecerenLaPaginaDeLogin()&amp#27;[0m
10:53:19.079 [main] INFO  -- 
  _____   ___   ___   _____     ___     _     ___   ___   ___   ___  
 |_   _| | __| / __| |_   _|   | _ \   /_\   / __| / __| | __| |   \ 
   | |   | _|  \__ \   | |     |  _/  / _ \  \__ \ \__ \ | _|  | |) |
   |_|   |___| |___/   |_|     |_|   /_/ \_\ |___/ |___/ |___| |___/ 

Login sin completar campos
----------------------------------------------------------------------
]]></system-out>
    <system-err><![CDATA[jun 25, 2025 10:51:11 A. M. org.openqa.selenium.devtools.CdpVersionFinder findNearestMatch
WARNING: Unable to find an exact match for CDP version 137, returning the closest version; found: 133; Please update to a Selenium version that supports CDP version 137
]]></system-err>
  </testcase>
  <testcase name="Cerrar sesión correctamente" classname="Inicio de Sesión de Usuario" time="140.076">
    <system-out><![CDATA[
@funcionalidades_principales @smoke @logout
Scenario: Cerrar sesión correctamente                &amp#27;[90m# src/test/resources/features/02_user_login.feature:39&amp#27;[0m
10:53:19.501 [main] DEBUG io.cucumber.core.plugin.SerenityReporter -- Running feature from file:///C:/Users/Daleska/OneDrive/Desktop/ZEROSMOKE_LIMPIO/cucumber-tests/src/test/resources/features/02_user_login.feature
10:53:19.502 [main] INFO  -- 
  _____   ___   ___   _____     ___   _____     _     ___   _____   ___   ___  
 |_   _| | __| / __| |_   _|   / __| |_   _|   /_\   | _ \ |_   _| | __| |   \ 
   | |   | _|  \__ \   | |     \__ \   | |    / _ \  |   /   | |   | _|  | |) |
   |_|   |___| |___/   |_|     |___/   |_|   /_/ \_\ |_|_\   |_|   |___| |___/ 

Cerrar sesión correctamente(inicio-de-sesión-de-usuario;cerrar-sesión-correctamente)
--------------------------------------------------------------------------------
10:53:19.503 [main] INFO  -- |-- Given que la aplicación ZeroSmoke está funcionando
10:53:19.661 [main] INFO net.serenitybdd.core.webdriver.driverproviders.ChromeDriverProvider -- Starting Chrome driver instance with capabilities:
10:53:19.663 [main] INFO net.serenitybdd.core.webdriver.driverproviders.ChromeDriverProvider -- Capabilities {acceptInsecureCerts: false, browserName: chrome, goog:chromeOptions: {args: [remote-allow-origins=*, --disable-extensions,--disa...], extensions: []}}
  &amp#27;[32mGiven &amp#27;[0m&amp#27;[32mque la aplicación ZeroSmoke está funcionando&amp#27;[0m &amp#27;[90m# com.zerosmoke.stepdefinitions.CommonSteps.quelaAplicacionZeroSmokeEstaFuncionando()&amp#27;[0m
10:53:23.649 [main] INFO  -- |-- And estoy en la página principal
  &amp#27;[32mAnd &amp#27;[0m&amp#27;[32mestoy en la página principal&amp#27;[0m                   &amp#27;[90m# com.zerosmoke.stepdefinitions.CommonSteps.estoyEnLaPaginaPrincipal()&amp#27;[0m
10:53:23.755 [main] INFO  -- |-- Given estoy autenticado como usuario
  &amp#27;[32mGiven &amp#27;[0m&amp#27;[32mestoy autenticado como usuario&amp#27;[0m               &amp#27;[90m# com.zerosmoke.stepdefinitions.LoginSteps.estoyAutenticadoComoUsuario()&amp#27;[0m
10:55:29.018 [main] INFO  -- |-- When hago clic en cerrar sesión
  &amp#27;[32mWhen &amp#27;[0m&amp#27;[32mhago clic en cerrar sesión&amp#27;[0m                    &amp#27;[90m# com.zerosmoke.stepdefinitions.LoginSteps.hagoClicEnCerrarSesion()&amp#27;[0m
10:55:39.093 [main] INFO  -- |-- Then debería ser redirigido a la página principal
  &amp#27;[32mThen &amp#27;[0m&amp#27;[32mdebería ser redirigido a la página principal&amp#27;[0m  &amp#27;[90m# com.zerosmoke.stepdefinitions.LoginSteps.deberiaSerRedirigidoALaPaginaPrincipal()&amp#27;[0m
10:55:39.107 [main] INFO  -- |-- And no debería ver el menú de usuario
  &amp#27;[32mAnd &amp#27;[0m&amp#27;[32mno debería ver el menú de usuario&amp#27;[0m              &amp#27;[90m# com.zerosmoke.stepdefinitions.LoginSteps.noDeberiaVerElMenuDeUsuario()&amp#27;[0m
10:55:39.113 [main] INFO  -- 
  _____   ___   ___   _____     ___     _     ___   ___   ___   ___  
 |_   _| | __| / __| |_   _|   | _ \   /_\   / __| / __| | __| |   \ 
   | |   | _|  \__ \   | |     |  _/  / _ \  \__ \ \__ \ | _|  | |) |
   |_|   |___| |___/   |_|     |_|   /_/ \_\ |___/ |___/ |___| |___/ 

Cerrar sesión correctamente
----------------------------------------------------------------------
]]></system-out>
    <system-err><![CDATA[jun 25, 2025 10:53:22 A. M. org.openqa.selenium.devtools.CdpVersionFinder findNearestMatch
WARNING: Unable to find an exact match for CDP version 137, returning the closest version; found: 133; Please update to a Selenium version that supports CDP version 137
]]></system-err>
  </testcase>
  <testcase name="Envío exitoso de mensaje de contacto" classname="Formulario de Contacto" time="130.193">
    <system-out><![CDATA[10:55:39.563 [main] DEBUG io.cucumber.core.plugin.SerenityReporter -- Running feature from file:///C:/Users/Daleska/OneDrive/Desktop/ZEROSMOKE_LIMPIO/cucumber-tests/src/test/resources/features/03_contact_form.feature
10:55:39.566 [main] DEBUG net.thucydides.core.steps.StepEventBus -- Test suite started for story net.thucydides.model.domain.Story@e2f6c7e0
10:55:39.567 [main] INFO  -- Test Suite Started: Formulario de Contacto

@funcionalidades_principales @smoke @contacto
Scenario: Envío exitoso de mensaje de contacto                                &amp#27;[90m# src/test/resources/features/03_contact_form.feature:12&amp#27;[0m
10:55:39.597 [main] DEBUG io.cucumber.core.plugin.SerenityReporter -- Running feature from file:///C:/Users/Daleska/OneDrive/Desktop/ZEROSMOKE_LIMPIO/cucumber-tests/src/test/resources/features/03_contact_form.feature
10:55:39.599 [main] INFO  -- 
  _____   ___   ___   _____     ___   _____     _     ___   _____   ___   ___  
 |_   _| | __| / __| |_   _|   / __| |_   _|   /_\   | _ \ |_   _| | __| |   \ 
   | |   | _|  \__ \   | |     \__ \   | |    / _ \  |   /   | |   | _|  | |) |
   |_|   |___| |___/   |_|     |___/   |_|   /_/ \_\ |_|_\   |_|   |___| |___/ 

Envío exitoso de mensaje de contacto(formulario-de-contacto;envío-exitoso-de-mensaje-de-contacto)
--------------------------------------------------------------------------------
10:55:39.601 [main] INFO  -- |-- Given que la aplicación ZeroSmoke está funcionando
10:55:39.765 [main] INFO net.serenitybdd.core.webdriver.driverproviders.ChromeDriverProvider -- Starting Chrome driver instance with capabilities:
10:55:39.766 [main] INFO net.serenitybdd.core.webdriver.driverproviders.ChromeDriverProvider -- Capabilities {acceptInsecureCerts: false, browserName: chrome, goog:chromeOptions: {args: [remote-allow-origins=*, --disable-extensions,--disa...], extensions: []}}
  &amp#27;[32mGiven &amp#27;[0m&amp#27;[32mque la aplicación ZeroSmoke está funcionando&amp#27;[0m                          &amp#27;[90m# com.zerosmoke.stepdefinitions.CommonSteps.quelaAplicacionZeroSmokeEstaFuncionando()&amp#27;[0m
10:55:43.791 [main] INFO  -- |-- And estoy en la página principal
  &amp#27;[32mAnd &amp#27;[0m&amp#27;[32mestoy en la página principal&amp#27;[0m                                            &amp#27;[90m# com.zerosmoke.stepdefinitions.CommonSteps.estoyEnLaPaginaPrincipal()&amp#27;[0m
10:55:43.915 [main] INFO  -- |-- Given navego a la página de contacto
  &amp#27;[32mGiven &amp#27;[0m&amp#27;[32mnavego a la página de contacto&amp#27;[0m                                        &amp#27;[90m# com.zerosmoke.stepdefinitions.ContactSteps.navegoALaPaginaDeContacto()&amp#27;[0m
10:55:44.396 [main] INFO  -- |-- When completo el formulario de contacto con:
| nombre | María García |
| email | maria.garcia@test.com |
| asunto | Consulta sobre el programa |
| mensaje | Me interesa saber más detalles |
  &amp#27;[32mWhen &amp#27;[0m&amp#27;[32mcompleto el formulario de contacto con:&amp#27;[0m                                &amp#27;[90m# com.zerosmoke.stepdefinitions.ContactSteps.completoElFormularioDeContactoCon(io.cucumber.datatable.DataTable)&amp#27;[0m
    | nombre  | María García                   |
    | email   | maria.garcia@test.com          |
    | asunto  | Consulta sobre el programa     |
    | mensaje | Me interesa saber más detalles |
10:55:45.178 [main] INFO  -- |-- And hago clic en enviar mensaje
  &amp#27;[32mAnd &amp#27;[0m&amp#27;[32mhago clic en enviar mensaje&amp#27;[0m                                             &amp#27;[90m# com.zerosmoke.stepdefinitions.ContactSteps.hagoClicEnEnviarMensaje()&amp#27;[0m
10:57:49.290 [main] INFO  -- |-- Then debería ver un mensaje de confirmación "Mensaje enviado correctamente"
  &amp#27;[32mThen &amp#27;[0m&amp#27;[32mdebería ver un mensaje de confirmación &amp#27;[0m&amp#27;[32m&amp#27;[1m"Mensaje enviado correctamente"&amp#27;[0m &amp#27;[90m# com.zerosmoke.stepdefinitions.ContactSteps.deberiaVerUnMensajeDeConfirmacion(java.lang.String)&amp#27;[0m
10:57:49.296 [main] INFO  -- |-- And el formulario debería limpiarse
  &amp#27;[32mAnd &amp#27;[0m&amp#27;[32mel formulario debería limpiarse&amp#27;[0m                                         &amp#27;[90m# com.zerosmoke.stepdefinitions.ContactSteps.elFormularioDeberiaLimpiarse()&amp#27;[0m
10:57:49.300 [main] INFO  -- 
  _____   ___   ___   _____     ___     _     ___   ___   ___   ___  
 |_   _| | __| / __| |_   _|   | _ \   /_\   / __| / __| | __| |   \ 
   | |   | _|  \__ \   | |     |  _/  / _ \  \__ \ \__ \ | _|  | |) |
   |_|   |___| |___/   |_|     |_|   /_/ \_\ |___/ |___/ |___| |___/ 

Envío exitoso de mensaje de contacto
----------------------------------------------------------------------
]]></system-out>
    <system-err><![CDATA[jun 25, 2025 10:55:42 A. M. org.openqa.selenium.devtools.CdpVersionFinder findNearestMatch
WARNING: Unable to find an exact match for CDP version 137, returning the closest version; found: 133; Please update to a Selenium version that supports CDP version 137
]]></system-err>
  </testcase>
  <testcase name="Envío de formulario incompleto" classname="Formulario de Contacto" time="129.938">
    <system-out><![CDATA[
@funcionalidades_principales @contacto @validacion
Scenario: Envío de formulario incompleto                                                               &amp#27;[90m# src/test/resources/features/03_contact_form.feature:24&amp#27;[0m
10:57:49.797 [main] DEBUG io.cucumber.core.plugin.SerenityReporter -- Running feature from file:///C:/Users/Daleska/OneDrive/Desktop/ZEROSMOKE_LIMPIO/cucumber-tests/src/test/resources/features/03_contact_form.feature
10:57:49.799 [main] INFO  -- 
  _____   ___   ___   _____     ___   _____     _     ___   _____   ___   ___  
 |_   _| | __| / __| |_   _|   / __| |_   _|   /_\   | _ \ |_   _| | __| |   \ 
   | |   | _|  \__ \   | |     \__ \   | |    / _ \  |   /   | |   | _|  | |) |
   |_|   |___| |___/   |_|     |___/   |_|   /_/ \_\ |_|_\   |_|   |___| |___/ 

Envío de formulario incompleto(formulario-de-contacto;envío-de-formulario-incompleto)
--------------------------------------------------------------------------------
10:57:49.804 [main] INFO  -- |-- Given que la aplicación ZeroSmoke está funcionando
10:57:49.981 [main] INFO net.serenitybdd.core.webdriver.driverproviders.ChromeDriverProvider -- Starting Chrome driver instance with capabilities:
10:57:49.981 [main] INFO net.serenitybdd.core.webdriver.driverproviders.ChromeDriverProvider -- Capabilities {acceptInsecureCerts: false, browserName: chrome, goog:chromeOptions: {args: [remote-allow-origins=*, --disable-extensions,--disa...], extensions: []}}
  &amp#27;[32mGiven &amp#27;[0m&amp#27;[32mque la aplicación ZeroSmoke está funcionando&amp#27;[0m                                                   &amp#27;[90m# com.zerosmoke.stepdefinitions.CommonSteps.quelaAplicacionZeroSmokeEstaFuncionando()&amp#27;[0m
10:57:54.792 [main] INFO  -- |-- And estoy en la página principal
  &amp#27;[32mAnd &amp#27;[0m&amp#27;[32mestoy en la página principal&amp#27;[0m                                                                     &amp#27;[90m# com.zerosmoke.stepdefinitions.CommonSteps.estoyEnLaPaginaPrincipal()&amp#27;[0m
10:57:54.919 [main] INFO  -- |-- Given navego a la página de contacto
  &amp#27;[32mGiven &amp#27;[0m&amp#27;[32mnavego a la página de contacto&amp#27;[0m                                                                 &amp#27;[90m# com.zerosmoke.stepdefinitions.ContactSteps.navegoALaPaginaDeContacto()&amp#27;[0m
10:57:55.295 [main] INFO  -- |-- When intento enviar el formulario sin completar los campos requeridos
  &amp#27;[32mWhen &amp#27;[0m&amp#27;[32mintento enviar el formulario sin completar los campos requeridos&amp#27;[0m                                &amp#27;[90m# com.zerosmoke.stepdefinitions.ContactSteps.intentoEnviarElFormularioSinCompletarLosCamposRequeridos()&amp#27;[0m
10:59:59.335 [main] INFO  -- |-- Then en el contacto debería ver un mensaje de error "Por favor complete todos los campos requeridos"
  &amp#27;[32mThen &amp#27;[0m&amp#27;[32men el contacto debería ver un mensaje de error &amp#27;[0m&amp#27;[32m&amp#27;[1m"Por favor complete todos los campos requeridos"&amp#27;[0m &amp#27;[90m# com.zerosmoke.stepdefinitions.ContactSteps.enElContactoDeberiaVerUnMensajeDeError(java.lang.String)&amp#27;[0m
10:59:59.338 [main] INFO  -- |-- And debería permanecer en la página de contacto
  &amp#27;[32mAnd &amp#27;[0m&amp#27;[32mdebería permanecer en la página de contacto&amp#27;[0m                                                      &amp#27;[90m# com.zerosmoke.stepdefinitions.ContactSteps.deberiaPermanecerenLaPaginaDeContacto()&amp#27;[0m
10:59:59.359 [main] INFO  -- 
  _____   ___   ___   _____     ___     _     ___   ___   ___   ___  
 |_   _| | __| / __| |_   _|   | _ \   /_\   / __| / __| | __| |   \ 
   | |   | _|  \__ \   | |     |  _/  / _ \  \__ \ \__ \ | _|  | |) |
   |_|   |___| |___/   |_|     |_|   /_/ \_\ |___/ |___/ |___| |___/ 

Envío de formulario incompleto
----------------------------------------------------------------------
]]></system-out>
    <system-err><![CDATA[jun 25, 2025 10:57:53 A. M. org.openqa.selenium.devtools.CdpVersionFinder findNearestMatch
WARNING: Unable to find an exact match for CDP version 137, returning the closest version; found: 133; Please update to a Selenium version that supports CDP version 137
]]></system-err>
  </testcase>
  <testcase name="Envío con email inválido" classname="Formulario de Contacto" time="129.013">
    <system-out><![CDATA[
@funcionalidades_principales @contacto @validacion
Scenario: Envío con email inválido                                                        &amp#27;[90m# src/test/resources/features/03_contact_form.feature:31&amp#27;[0m
10:59:59.732 [main] DEBUG io.cucumber.core.plugin.SerenityReporter -- Running feature from file:///C:/Users/Daleska/OneDrive/Desktop/ZEROSMOKE_LIMPIO/cucumber-tests/src/test/resources/features/03_contact_form.feature
10:59:59.732 [main] INFO  -- 
  _____   ___   ___   _____     ___   _____     _     ___   _____   ___   ___  
 |_   _| | __| / __| |_   _|   / __| |_   _|   /_\   | _ \ |_   _| | __| |   \ 
   | |   | _|  \__ \   | |     \__ \   | |    / _ \  |   /   | |   | _|  | |) |
   |_|   |___| |___/   |_|     |___/   |_|   /_/ \_\ |_|_\   |_|   |___| |___/ 

Envío con email inválido(formulario-de-contacto;envío-con-email-inválido)
--------------------------------------------------------------------------------
10:59:59.734 [main] INFO  -- |-- Given que la aplicación ZeroSmoke está funcionando
10:59:59.861 [main] INFO net.serenitybdd.core.webdriver.driverproviders.ChromeDriverProvider -- Starting Chrome driver instance with capabilities:
10:59:59.861 [main] INFO net.serenitybdd.core.webdriver.driverproviders.ChromeDriverProvider -- Capabilities {acceptInsecureCerts: false, browserName: chrome, goog:chromeOptions: {args: [remote-allow-origins=*, --disable-extensions,--disa...], extensions: []}}
  &amp#27;[32mGiven &amp#27;[0m&amp#27;[32mque la aplicación ZeroSmoke está funcionando&amp#27;[0m                                      &amp#27;[90m# com.zerosmoke.stepdefinitions.CommonSteps.quelaAplicacionZeroSmokeEstaFuncionando()&amp#27;[0m
11:00:03.517 [main] INFO  -- |-- And estoy en la página principal
  &amp#27;[32mAnd &amp#27;[0m&amp#27;[32mestoy en la página principal&amp#27;[0m                                                        &amp#27;[90m# com.zerosmoke.stepdefinitions.CommonSteps.estoyEnLaPaginaPrincipal()&amp#27;[0m
11:00:03.631 [main] INFO  -- |-- Given navego a la página de contacto
  &amp#27;[32mGiven &amp#27;[0m&amp#27;[32mnavego a la página de contacto&amp#27;[0m                                                    &amp#27;[90m# com.zerosmoke.stepdefinitions.ContactSteps.navegoALaPaginaDeContacto()&amp#27;[0m
11:00:03.920 [main] INFO  -- |-- When completo el formulario con un email inválido:
| nombre | María García |
| email | email-invalido |
| asunto | Consulta |
| mensaje | Mensaje de prueba |
  &amp#27;[32mWhen &amp#27;[0m&amp#27;[32mcompleto el formulario con un email inválido:&amp#27;[0m                                      &amp#27;[90m# com.zerosmoke.stepdefinitions.ContactSteps.completoElFormularioConUnEmailInvalido(io.cucumber.datatable.DataTable)&amp#27;[0m
    | nombre  | María García      |
    | email   | email-invalido    |
    | asunto  | Consulta          |
    | mensaje | Mensaje de prueba |
11:00:04.324 [main] INFO  -- |-- And hago clic en enviar mensaje
  &amp#27;[32mAnd &amp#27;[0m&amp#27;[32mhago clic en enviar mensaje&amp#27;[0m                                                         &amp#27;[90m# com.zerosmoke.stepdefinitions.ContactSteps.hagoClicEnEnviarMensaje()&amp#27;[0m
11:02:08.271 [main] INFO  -- |-- Then en el contacto debería ver un mensaje de error "Por favor ingrese un email válido"
  &amp#27;[32mThen &amp#27;[0m&amp#27;[32men el contacto debería ver un mensaje de error &amp#27;[0m&amp#27;[32m&amp#27;[1m"Por favor ingrese un email válido"&amp#27;[0m &amp#27;[90m# com.zerosmoke.stepdefinitions.ContactSteps.enElContactoDeberiaVerUnMensajeDeError(java.lang.String)&amp#27;[0m
11:02:08.274 [main] INFO  -- |-- And debería permanecer en la página de contacto
  &amp#27;[32mAnd &amp#27;[0m&amp#27;[32mdebería permanecer en la página de contacto&amp#27;[0m                                         &amp#27;[90m# com.zerosmoke.stepdefinitions.ContactSteps.deberiaPermanecerenLaPaginaDeContacto()&amp#27;[0m
11:02:08.294 [main] INFO  -- 
  _____   ___   ___   _____     ___     _     ___   ___   ___   ___  
 |_   _| | __| / __| |_   _|   | _ \   /_\   / __| / __| | __| |   \ 
   | |   | _|  \__ \   | |     |  _/  / _ \  \__ \ \__ \ | _|  | |) |
   |_|   |___| |___/   |_|     |_|   /_/ \_\ |___/ |___/ |___| |___/ 

Envío con email inválido
----------------------------------------------------------------------
]]></system-out>
    <system-err><![CDATA[jun 25, 2025 11:00:02 A. M. org.openqa.selenium.devtools.CdpVersionFinder findNearestMatch
WARNING: Unable to find an exact match for CDP version 137, returning the closest version; found: 133; Please update to a Selenium version that supports CDP version 137
]]></system-err>
  </testcase>
  <testcase name="Responder mensaje de contacto exitosamente" classname="Respuesta de Administrador a Mensajes de Contacto" time="26.679">
    <system-out><![CDATA[11:02:08.738 [main] DEBUG io.cucumber.core.plugin.SerenityReporter -- Running feature from file:///C:/Users/Daleska/OneDrive/Desktop/ZEROSMOKE_LIMPIO/cucumber-tests/src/test/resources/features/04_admin_message_response.feature
11:02:08.741 [main] DEBUG net.thucydides.core.steps.StepEventBus -- Test suite started for story net.thucydides.model.domain.Story@a9272080
11:02:08.742 [main] INFO  -- Test Suite Started: Respuesta de Administrador a Mensajes de Contacto

@funcionalidades_principales @smoke @admin
Scenario: Responder mensaje de contacto exitosamente                                                 &amp#27;[90m# src/test/resources/features/04_admin_message_response.feature:14&amp#27;[0m
11:02:08.769 [main] DEBUG io.cucumber.core.plugin.SerenityReporter -- Running feature from file:///C:/Users/Daleska/OneDrive/Desktop/ZEROSMOKE_LIMPIO/cucumber-tests/src/test/resources/features/04_admin_message_response.feature
11:02:08.770 [main] INFO  -- 
  _____   ___   ___   _____     ___   _____     _     ___   _____   ___   ___  
 |_   _| | __| / __| |_   _|   / __| |_   _|   /_\   | _ \ |_   _| | __| |   \ 
   | |   | _|  \__ \   | |     \__ \   | |    / _ \  |   /   | |   | _|  | |) |
   |_|   |___| |___/   |_|     |___/   |_|   /_/ \_\ |_|_\   |_|   |___| |___/ 

Responder mensaje de contacto exitosamente(respuesta-de-administrador-a-mensajes-de-contacto;responder-mensaje-de-contacto-exitosamente)
--------------------------------------------------------------------------------
11:02:08.772 [main] INFO  -- |-- Given que la aplicación ZeroSmoke está funcionando
11:02:08.904 [main] INFO net.serenitybdd.core.webdriver.driverproviders.ChromeDriverProvider -- Starting Chrome driver instance with capabilities:
11:02:08.904 [main] INFO net.serenitybdd.core.webdriver.driverproviders.ChromeDriverProvider -- Capabilities {acceptInsecureCerts: false, browserName: chrome, goog:chromeOptions: {args: [remote-allow-origins=*, --disable-extensions,--disa...], extensions: []}}
  &amp#27;[32mGiven &amp#27;[0m&amp#27;[32mque la aplicación ZeroSmoke está funcionando&amp#27;[0m                                                 &amp#27;[90m# com.zerosmoke.stepdefinitions.CommonSteps.quelaAplicacionZeroSmokeEstaFuncionando()&amp#27;[0m
11:02:13.203 [main] INFO  -- |-- And existe un mensaje de contacto pendiente de respuesta:
| nombre | email | asunto | mensaje |
| María | maria.garcia@test.com | Consulta general | Necesito más información |
  &amp#27;[32mAnd &amp#27;[0m&amp#27;[32mexiste un mensaje de contacto pendiente de respuesta:&amp#27;[0m                                          &amp#27;[90m# com.zerosmoke.stepdefinitions.AdminSteps.existeUnMensajeDeContactoPendienteDeRespuesta(io.cucumber.datatable.DataTable)&amp#27;[0m
    | nombre | email                 | asunto           | mensaje                  |
    | María  | maria.garcia@test.com | Consulta general | Necesito más información |
11:02:13.522 [main] INFO  -- |-- Given estoy en el panel de administración
  &amp#27;[32mGiven &amp#27;[0m&amp#27;[32mestoy en el panel de administración&amp#27;[0m                                                          &amp#27;[90m# com.zerosmoke.stepdefinitions.AdminSteps.estoyEnElPanelDeAdministracion()&amp#27;[0m
11:02:14.730 [main] INFO  -- |-- When navego a la gestión de mensajes
  &amp#27;[32mWhen &amp#27;[0m&amp#27;[32mnavego a la gestión de mensajes&amp#27;[0m                                                               &amp#27;[90m# com.zerosmoke.stepdefinitions.AdminSteps.navegoALaGestionDeMensajes()&amp#27;[0m
11:02:14.787 [main] INFO  -- |-- And selecciono el mensaje de "María"
  &amp#27;[32mAnd &amp#27;[0m&amp#27;[32mselecciono el mensaje de &amp#27;[0m&amp#27;[32m&amp#27;[1m"María"&amp#27;[0m                                                               &amp#27;[90m# com.zerosmoke.stepdefinitions.AdminSteps.seleccionoElMensajeDe(java.lang.String)&amp#27;[0m
11:02:24.853 [main] INFO  -- |-- And escribo una respuesta:
  &amp#27;[32mAnd &amp#27;[0m&amp#27;[32mescribo una respuesta:&amp#27;[0m                                                                         &amp#27;[90m# com.zerosmoke.stepdefinitions.AdminSteps.escriboUnaRespuesta(java.lang.String)&amp#27;[0m
11:02:34.905 [main] INFO  -- |-- And hago clic en enviar respuesta
  &amp#27;[32mAnd &amp#27;[0m&amp#27;[32mhago clic en enviar respuesta&amp#27;[0m                                                                  &amp#27;[90m# com.zerosmoke.stepdefinitions.AdminSteps.hagoClicEnEnviarRespuesta()&amp#27;[0m
11:02:34.979 [main] INFO  -- |-- Then en el panel de admin debería ver un mensaje de confirmación "Respuesta enviada correctamente"
  &amp#27;[32mThen &amp#27;[0m&amp#27;[32men el panel de admin debería ver un mensaje de confirmación &amp#27;[0m&amp#27;[32m&amp#27;[1m"Respuesta enviada correctamente"&amp#27;[0m &amp#27;[90m# com.zerosmoke.stepdefinitions.AdminSteps.enElPanelDeAdminDeberiaVerUnMensajeDeConfirmacion(java.lang.String)&amp#27;[0m
11:02:34.983 [main] INFO  -- |-- And el mensaje debería marcarse como respondido
  &amp#27;[32mAnd &amp#27;[0m&amp#27;[32mel mensaje debería marcarse como respondido&amp#27;[0m                                                    &amp#27;[90m# com.zerosmoke.stepdefinitions.AdminSteps.elMensajeDeberiaMarcarse_ComoRespondido()&amp#27;[0m
11:02:34.987 [main] INFO  -- |-- And debería enviarse un email a "maria.garcia@test.com"
  &amp#27;[32mAnd &amp#27;[0m&amp#27;[32mdebería enviarse un email a &amp#27;[0m&amp#27;[32m&amp#27;[1m"maria.garcia@test.com"&amp#27;[0m                                            &amp#27;[90m# com.zerosmoke.stepdefinitions.AdminSteps.deberiaEnviarseUnEmailA(java.lang.String)&amp#27;[0m
11:02:34.991 [main] INFO  -- |-- And el email debería contener la respuesta del administrador
  &amp#27;[32mAnd &amp#27;[0m&amp#27;[32mel email debería contener la respuesta del administrador&amp#27;[0m                                       &amp#27;[90m# com.zerosmoke.stepdefinitions.AdminSteps.elEmailDeberiaContenerLaRespuestaDelAdministrador()&amp#27;[0m
11:02:34.998 [main] INFO  -- 
  _____   ___   ___   _____     ___     _     ___   ___   ___   ___  
 |_   _| | __| / __| |_   _|   | _ \   /_\   / __| / __| | __| |   \ 
   | |   | _|  \__ \   | |     |  _/  / _ \  \__ \ \__ \ | _|  | |) |
   |_|   |___| |___/   |_|     |_|   /_/ \_\ |___/ |___/ |___| |___/ 

Responder mensaje de contacto exitosamente
----------------------------------------------------------------------
]]></system-out>
    <system-err><![CDATA[jun 25, 2025 11:02:11 A. M. org.openqa.selenium.devtools.CdpVersionFinder findNearestMatch
WARNING: Unable to find an exact match for CDP version 137, returning the closest version; found: 133; Please update to a Selenium version that supports CDP version 137
]]></system-err>
  </testcase>
  <testcase name="Intentar enviar respuesta vacía" classname="Respuesta de Administrador a Mensajes de Contacto" time="16.14">
    <system-out><![CDATA[
@funcionalidades_principales @admin @validacion
Scenario: Intentar enviar respuesta vacía                                              &amp#27;[90m# src/test/resources/features/04_admin_message_response.feature:34&amp#27;[0m
11:02:35.439 [main] DEBUG io.cucumber.core.plugin.SerenityReporter -- Running feature from file:///C:/Users/Daleska/OneDrive/Desktop/ZEROSMOKE_LIMPIO/cucumber-tests/src/test/resources/features/04_admin_message_response.feature
11:02:35.441 [main] INFO  -- 
  _____   ___   ___   _____     ___   _____     _     ___   _____   ___   ___  
 |_   _| | __| / __| |_   _|   / __| |_   _|   /_\   | _ \ |_   _| | __| |   \ 
   | |   | _|  \__ \   | |     \__ \   | |    / _ \  |   /   | |   | _|  | |) |
   |_|   |___| |___/   |_|     |___/   |_|   /_/ \_\ |_|_\   |_|   |___| |___/ 

Intentar enviar respuesta vacía(respuesta-de-administrador-a-mensajes-de-contacto;intentar-enviar-respuesta-vacía)
--------------------------------------------------------------------------------
11:02:35.442 [main] INFO  -- |-- Given que la aplicación ZeroSmoke está funcionando
11:02:35.587 [main] INFO net.serenitybdd.core.webdriver.driverproviders.ChromeDriverProvider -- Starting Chrome driver instance with capabilities:
11:02:35.587 [main] INFO net.serenitybdd.core.webdriver.driverproviders.ChromeDriverProvider -- Capabilities {acceptInsecureCerts: false, browserName: chrome, goog:chromeOptions: {args: [remote-allow-origins=*, --disable-extensions,--disa...], extensions: []}}
  &amp#27;[32mGiven &amp#27;[0m&amp#27;[32mque la aplicación ZeroSmoke está funcionando&amp#27;[0m                                   &amp#27;[90m# com.zerosmoke.stepdefinitions.CommonSteps.quelaAplicacionZeroSmokeEstaFuncionando()&amp#27;[0m
11:02:39.700 [main] INFO  -- |-- And existe un mensaje de contacto pendiente de respuesta:
| nombre | email | asunto | mensaje |
| María | maria.garcia@test.com | Consulta general | Necesito más información |
  &amp#27;[32mAnd &amp#27;[0m&amp#27;[32mexiste un mensaje de contacto pendiente de respuesta:&amp#27;[0m                            &amp#27;[90m# com.zerosmoke.stepdefinitions.AdminSteps.existeUnMensajeDeContactoPendienteDeRespuesta(io.cucumber.datatable.DataTable)&amp#27;[0m
    | nombre | email                 | asunto           | mensaje                  |
    | María  | maria.garcia@test.com | Consulta general | Necesito más información |
11:02:39.712 [main] INFO  -- |-- Given estoy en el panel de administración
  &amp#27;[32mGiven &amp#27;[0m&amp#27;[32mestoy en el panel de administración&amp#27;[0m                                            &amp#27;[90m# com.zerosmoke.stepdefinitions.AdminSteps.estoyEnElPanelDeAdministracion()&amp#27;[0m
11:02:41.033 [main] INFO  -- |-- When navego a la gestión de mensajes
  &amp#27;[32mWhen &amp#27;[0m&amp#27;[32mnavego a la gestión de mensajes&amp#27;[0m                                                 &amp#27;[90m# com.zerosmoke.stepdefinitions.AdminSteps.navegoALaGestionDeMensajes()&amp#27;[0m
11:02:41.109 [main] INFO  -- |-- And selecciono el mensaje de "María"
  &amp#27;[32mAnd &amp#27;[0m&amp#27;[32mselecciono el mensaje de &amp#27;[0m&amp#27;[32m&amp#27;[1m"María"&amp#27;[0m                                                 &amp#27;[90m# com.zerosmoke.stepdefinitions.AdminSteps.seleccionoElMensajeDe(java.lang.String)&amp#27;[0m
11:02:51.173 [main] INFO  -- |-- And dejo el campo de respuesta vacío
  &amp#27;[32mAnd &amp#27;[0m&amp#27;[32mdejo el campo de respuesta vacío&amp#27;[0m                                                 &amp#27;[90m# com.zerosmoke.stepdefinitions.AdminSteps.dejoElCampoDeRespuestaVacio()&amp#27;[0m
11:02:51.178 [main] INFO  -- |-- And hago clic en enviar respuesta
  &amp#27;[32mAnd &amp#27;[0m&amp#27;[32mhago clic en enviar respuesta&amp#27;[0m                                                    &amp#27;[90m# com.zerosmoke.stepdefinitions.AdminSteps.hagoClicEnEnviarRespuesta()&amp#27;[0m
11:02:51.239 [main] INFO  -- |-- Then en el admin debería ver un mensaje de error "La respuesta no puede estar vacía"
  &amp#27;[32mThen &amp#27;[0m&amp#27;[32men el admin debería ver un mensaje de error &amp#27;[0m&amp#27;[32m&amp#27;[1m"La respuesta no puede estar vacía"&amp#27;[0m &amp#27;[90m# com.zerosmoke.stepdefinitions.AdminSteps.enElAdminDeberiaVerUnMensajeDeError(java.lang.String)&amp#27;[0m
11:02:51.244 [main] INFO  -- |-- And el mensaje no debería marcarse como respondido
  &amp#27;[32mAnd &amp#27;[0m&amp#27;[32mel mensaje no debería marcarse como respondido&amp#27;[0m                                   &amp#27;[90m# com.zerosmoke.stepdefinitions.AdminSteps.elMensajeNoDeberiaMarcarse_ComoRespondido()&amp#27;[0m
11:02:51.249 [main] INFO  -- |-- And no debería enviarse ningún email
  &amp#27;[32mAnd &amp#27;[0m&amp#27;[32mno debería enviarse ningún email&amp#27;[0m                                                 &amp#27;[90m# com.zerosmoke.stepdefinitions.AdminSteps.noDeberiaEnviarseNingunEmail()&amp#27;[0m
11:02:51.252 [main] INFO  -- 
  _____   ___   ___   _____     ___     _     ___   ___   ___   ___  
 |_   _| | __| / __| |_   _|   | _ \   /_\   / __| / __| | __| |   \ 
   | |   | _|  \__ \   | |     |  _/  / _ \  \__ \ \__ \ | _|  | |) |
   |_|   |___| |___/   |_|     |_|   /_/ \_\ |___/ |___/ |___| |___/ 

Intentar enviar respuesta vacía
----------------------------------------------------------------------
]]></system-out>
    <system-err><![CDATA[jun 25, 2025 11:02:38 A. M. org.openqa.selenium.devtools.CdpVersionFinder findNearestMatch
WARNING: Unable to find an exact match for CDP version 137, returning the closest version; found: 133; Please update to a Selenium version that supports CDP version 137
]]></system-err>
  </testcase>
  <testcase name="Visualizar lista de mensajes de contacto" classname="Respuesta de Administrador a Mensajes de Contacto" time="5.406">
    <system-out><![CDATA[
@funcionalidades_principales @admin
Scenario: Visualizar lista de mensajes de contacto               &amp#27;[90m# src/test/resources/features/04_admin_message_response.feature:45&amp#27;[0m
11:02:51.582 [main] DEBUG io.cucumber.core.plugin.SerenityReporter -- Running feature from file:///C:/Users/Daleska/OneDrive/Desktop/ZEROSMOKE_LIMPIO/cucumber-tests/src/test/resources/features/04_admin_message_response.feature
11:02:51.583 [main] INFO  -- 
  _____   ___   ___   _____     ___   _____     _     ___   _____   ___   ___  
 |_   _| | __| / __| |_   _|   / __| |_   _|   /_\   | _ \ |_   _| | __| |   \ 
   | |   | _|  \__ \   | |     \__ \   | |    / _ \  |   /   | |   | _|  | |) |
   |_|   |___| |___/   |_|     |___/   |_|   /_/ \_\ |_|_\   |_|   |___| |___/ 

Visualizar lista de mensajes de contacto(respuesta-de-administrador-a-mensajes-de-contacto;visualizar-lista-de-mensajes-de-contacto)
--------------------------------------------------------------------------------
11:02:51.585 [main] INFO  -- |-- Given que la aplicación ZeroSmoke está funcionando
11:02:51.733 [main] INFO net.serenitybdd.core.webdriver.driverproviders.ChromeDriverProvider -- Starting Chrome driver instance with capabilities:
11:02:51.733 [main] INFO net.serenitybdd.core.webdriver.driverproviders.ChromeDriverProvider -- Capabilities {acceptInsecureCerts: false, browserName: chrome, goog:chromeOptions: {args: [remote-allow-origins=*, --disable-extensions,--disa...], extensions: []}}
  &amp#27;[32mGiven &amp#27;[0m&amp#27;[32mque la aplicación ZeroSmoke está funcionando&amp#27;[0m             &amp#27;[90m# com.zerosmoke.stepdefinitions.CommonSteps.quelaAplicacionZeroSmokeEstaFuncionando()&amp#27;[0m
11:02:55.380 [main] INFO  -- |-- And existe un mensaje de contacto pendiente de respuesta:
| nombre | email | asunto | mensaje |
| María | maria.garcia@test.com | Consulta general | Necesito más información |
  &amp#27;[32mAnd &amp#27;[0m&amp#27;[32mexiste un mensaje de contacto pendiente de respuesta:&amp#27;[0m      &amp#27;[90m# com.zerosmoke.stepdefinitions.AdminSteps.existeUnMensajeDeContactoPendienteDeRespuesta(io.cucumber.datatable.DataTable)&amp#27;[0m
    | nombre | email                 | asunto           | mensaje                  |
    | María  | maria.garcia@test.com | Consulta general | Necesito más información |
11:02:55.392 [main] INFO  -- |-- Given estoy en el panel de administración
  &amp#27;[32mGiven &amp#27;[0m&amp#27;[32mestoy en el panel de administración&amp#27;[0m                      &amp#27;[90m# com.zerosmoke.stepdefinitions.AdminSteps.estoyEnElPanelDeAdministracion()&amp#27;[0m
11:02:56.630 [main] INFO  -- |-- When navego a la gestión de mensajes
  &amp#27;[32mWhen &amp#27;[0m&amp#27;[32mnavego a la gestión de mensajes&amp#27;[0m                           &amp#27;[90m# com.zerosmoke.stepdefinitions.AdminSteps.navegoALaGestionDeMensajes()&amp#27;[0m
11:02:56.709 [main] INFO  -- |-- Then debería ver una lista de mensajes de contacto
  &amp#27;[32mThen &amp#27;[0m&amp#27;[32mdebería ver una lista de mensajes de contacto&amp#27;[0m             &amp#27;[90m# com.zerosmoke.stepdefinitions.AdminSteps.deberiaVerUnaListaDeMensajesDeContacto()&amp#27;[0m
11:02:56.716 [main] INFO  -- |-- And cada mensaje debería mostrar nombre, email, fecha y estado
  &amp#27;[32mAnd &amp#27;[0m&amp#27;[32mcada mensaje debería mostrar nombre, email, fecha y estado&amp#27;[0m &amp#27;[90m# com.zerosmoke.stepdefinitions.AdminSteps.cadaMensajeDeberiaMostrarNombreEmailFechaYEstado()&amp#27;[0m
11:02:56.720 [main] INFO  -- |-- And debería poder filtrar mensajes por estado (leído/no leído)
  &amp#27;[32mAnd &amp#27;[0m&amp#27;[32mdebería poder filtrar mensajes por estado (leído/no leído)&amp#27;[0m &amp#27;[90m# com.zerosmoke.stepdefinitions.AdminSteps.deberiaPoderFiltrarMensajesPorEstado()&amp#27;[0m
11:02:56.722 [main] INFO  -- |-- And debería poder buscar mensajes por nombre o email
  &amp#27;[32mAnd &amp#27;[0m&amp#27;[32mdebería poder buscar mensajes por nombre o email&amp#27;[0m           &amp#27;[90m# com.zerosmoke.stepdefinitions.AdminSteps.deberiaPoderBuscarMensajesPorNombreOEmail()&amp#27;[0m
11:02:56.727 [main] INFO  -- 
  _____   ___   ___   _____     ___     _     ___   ___   ___   ___  
 |_   _| | __| / __| |_   _|   | _ \   /_\   / __| / __| | __| |   \ 
   | |   | _|  \__ \   | |     |  _/  / _ \  \__ \ \__ \ | _|  | |) |
   |_|   |___| |___/   |_|     |_|   /_/ \_\ |___/ |___/ |___| |___/ 

Visualizar lista de mensajes de contacto
----------------------------------------------------------------------
]]></system-out>
    <system-err><![CDATA[jun 25, 2025 11:02:53 A. M. org.openqa.selenium.devtools.CdpVersionFinder findNearestMatch
WARNING: Unable to find an exact match for CDP version 137, returning the closest version; found: 133; Please update to a Selenium version that supports CDP version 137
]]></system-err>
  </testcase>
  <testcase name="Marcar mensaje como leído sin responder" classname="Respuesta de Administrador a Mensajes de Contacto" time="15.846">
    <system-out><![CDATA[
@funcionalidades_principales @admin
Scenario: Marcar mensaje como leído sin responder           &amp#27;[90m# src/test/resources/features/04_admin_message_response.feature:54&amp#27;[0m
11:02:56.989 [main] DEBUG io.cucumber.core.plugin.SerenityReporter -- Running feature from file:///C:/Users/Daleska/OneDrive/Desktop/ZEROSMOKE_LIMPIO/cucumber-tests/src/test/resources/features/04_admin_message_response.feature
11:02:56.990 [main] INFO  -- 
  _____   ___   ___   _____     ___   _____     _     ___   _____   ___   ___  
 |_   _| | __| / __| |_   _|   / __| |_   _|   /_\   | _ \ |_   _| | __| |   \ 
   | |   | _|  \__ \   | |     \__ \   | |    / _ \  |   /   | |   | _|  | |) |
   |_|   |___| |___/   |_|     |___/   |_|   /_/ \_\ |_|_\   |_|   |___| |___/ 

Marcar mensaje como leído sin responder(respuesta-de-administrador-a-mensajes-de-contacto;marcar-mensaje-como-leído-sin-responder)
--------------------------------------------------------------------------------
11:02:56.990 [main] INFO  -- |-- Given que la aplicación ZeroSmoke está funcionando
11:02:57.120 [main] INFO net.serenitybdd.core.webdriver.driverproviders.ChromeDriverProvider -- Starting Chrome driver instance with capabilities:
11:02:57.121 [main] INFO net.serenitybdd.core.webdriver.driverproviders.ChromeDriverProvider -- Capabilities {acceptInsecureCerts: false, browserName: chrome, goog:chromeOptions: {args: [remote-allow-origins=*, --disable-extensions,--disa...], extensions: []}}
  &amp#27;[32mGiven &amp#27;[0m&amp#27;[32mque la aplicación ZeroSmoke está funcionando&amp#27;[0m        &amp#27;[90m# com.zerosmoke.stepdefinitions.CommonSteps.quelaAplicacionZeroSmokeEstaFuncionando()&amp#27;[0m
11:03:01.072 [main] INFO  -- |-- And existe un mensaje de contacto pendiente de respuesta:
| nombre | email | asunto | mensaje |
| María | maria.garcia@test.com | Consulta general | Necesito más información |
  &amp#27;[32mAnd &amp#27;[0m&amp#27;[32mexiste un mensaje de contacto pendiente de respuesta:&amp#27;[0m &amp#27;[90m# com.zerosmoke.stepdefinitions.AdminSteps.existeUnMensajeDeContactoPendienteDeRespuesta(io.cucumber.datatable.DataTable)&amp#27;[0m
    | nombre | email                 | asunto           | mensaje                  |
    | María  | maria.garcia@test.com | Consulta general | Necesito más información |
11:03:01.083 [main] INFO  -- |-- Given estoy en el panel de administración
  &amp#27;[32mGiven &amp#27;[0m&amp#27;[32mestoy en el panel de administración&amp#27;[0m                 &amp#27;[90m# com.zerosmoke.stepdefinitions.AdminSteps.estoyEnElPanelDeAdministracion()&amp#27;[0m
11:03:02.274 [main] INFO  -- |-- When navego a la gestión de mensajes
  &amp#27;[32mWhen &amp#27;[0m&amp#27;[32mnavego a la gestión de mensajes&amp#27;[0m                      &amp#27;[90m# com.zerosmoke.stepdefinitions.AdminSteps.navegoALaGestionDeMensajes()&amp#27;[0m
11:03:02.323 [main] INFO  -- |-- And selecciono el mensaje de "María"
  &amp#27;[32mAnd &amp#27;[0m&amp#27;[32mselecciono el mensaje de &amp#27;[0m&amp#27;[32m&amp#27;[1m"María"&amp#27;[0m                      &amp#27;[90m# com.zerosmoke.stepdefinitions.AdminSteps.seleccionoElMensajeDe(java.lang.String)&amp#27;[0m
11:03:12.360 [main] INFO  -- |-- And hago clic en "Marcar como leído"
  &amp#27;[32mAnd &amp#27;[0m&amp#27;[32mhago clic en &amp#27;[0m&amp#27;[32m&amp#27;[1m"Marcar como leído"&amp#27;[0m                      &amp#27;[90m# com.zerosmoke.stepdefinitions.AdminSteps.hagoClicEn(java.lang.String)&amp#27;[0m
11:03:12.432 [main] INFO  -- |-- Then el mensaje debería marcarse como leído
  &amp#27;[32mThen &amp#27;[0m&amp#27;[32mel mensaje debería marcarse como leído&amp#27;[0m               &amp#27;[90m# com.zerosmoke.stepdefinitions.AdminSteps.elMensajeDeberiaMarcarse_ComoLeido()&amp#27;[0m
11:03:12.438 [main] INFO  -- |-- And debería aparecer en la lista de mensajes leídos
  &amp#27;[32mAnd &amp#27;[0m&amp#27;[32mdebería aparecer en la lista de mensajes leídos&amp#27;[0m       &amp#27;[90m# com.zerosmoke.stepdefinitions.AdminSteps.deberiaAparecerEnLaListaDeMensajesLeidos()&amp#27;[0m
11:03:12.444 [main] INFO  -- |-- And no debería enviarse ningún email automáticamente
  &amp#27;[32mAnd &amp#27;[0m&amp#27;[32mno debería enviarse ningún email automáticamente&amp#27;[0m      &amp#27;[90m# com.zerosmoke.stepdefinitions.AdminSteps.noDeberiaEnviarseNingunEmailAutomaticamente()&amp#27;[0m
11:03:12.448 [main] INFO  -- 
  _____   ___   ___   _____     ___     _     ___   ___   ___   ___  
 |_   _| | __| / __| |_   _|   | _ \   /_\   / __| / __| | __| |   \ 
   | |   | _|  \__ \   | |     |  _/  / _ \  \__ \ \__ \ | _|  | |) |
   |_|   |___| |___/   |_|     |_|   /_/ \_\ |___/ |___/ |___| |___/ 

Marcar mensaje como leído sin responder
----------------------------------------------------------------------
]]></system-out>
    <system-err><![CDATA[jun 25, 2025 11:02:59 A. M. org.openqa.selenium.devtools.CdpVersionFinder findNearestMatch
WARNING: Unable to find an exact match for CDP version 137, returning the closest version; found: 133; Please update to a Selenium version that supports CDP version 137
]]></system-err>
  </testcase>
</testsuite>